2024-09-01 13:08:45,718 [INFO] Activator:176 - 


2024-09-01 13:08:45,746 [INFO] Activator:177 - !SESSION log4j initialized
2024-09-01 13:09:08,870 [INFO] LogOutputStream:77 - [STDOUT_REDIRECT] 
2024-09-01 13:09:16,414 [INFO] ApplicationProperties:184 - Using Application install path: C:\Users\agust\Desktop\STM32CubeIDE_1.16.0\STM32CubeIDE\plugins\com.st.stm32cube.common.mx_6.12.0.202406281431
2024-09-01 13:09:16,453 [INFO] DbMcusXml:78 - Set database path to: C:\Users\agust\Desktop\STM32CubeIDE_1.16.0\STM32CubeIDE\plugins\com.st.stm32cube.common.mx_6.12.0.202406281431\\db\/mcu/
2024-09-01 13:09:16,454 [INFO] ApiDb:274 - Set plugin database path to: C:\Users\agust\Desktop\STM32CubeIDE_1.16.0\STM32CubeIDE\plugins\com.st.stm32cube.common.mx_6.12.0.202406281431\\db\/plugins/boardmanager/
2024-09-01 13:09:16,454 [WARN] ApiDb:259 - Overriding images path with different value:  => C:\Users\agust\Desktop\STM32CubeIDE_1.16.0\STM32CubeIDE\plugins\com.st.stm32cube.common.mx_6.12.0.202406281431\\db\/plugins/mcufinder/images/
2024-09-01 13:09:16,474 [INFO] ApiDb:250 - Set database path to: C:\Users\agust\.stmcufinder\plugins\mcufinder//mcu/
2024-09-01 13:09:16,476 [INFO] DbMcusAds:125 - Set database path to: C:\Users\agust\.stmcufinder\plugins\mcufinder//mcu/
2024-09-01 13:09:16,481 [INFO] CrossReferenceDbSqlite:203 - Set database path to: C:\Users\agust\.stmcufinder\plugins\mcufinder//mcu/cs/
2024-09-01 13:09:16,724 [INFO] RulesReader:64 - Compatibility file has been processed (297 Rules)
2024-09-01 13:09:16,883 [INFO] DbMcusXml:78 - Set database path to: C:\Users\agust\Desktop\STM32CubeIDE_1.16.0\STM32CubeIDE\plugins\com.st.stm32cube.common.mx_6.12.0.202406281431\\db\/mcu/
2024-09-01 13:09:16,883 [INFO] ApiDb:274 - Set plugin database path to: C:\Users\agust\Desktop\STM32CubeIDE_1.16.0\STM32CubeIDE\plugins\com.st.stm32cube.common.mx_6.12.0.202406281431\\db\/plugins/boardmanager/
2024-09-01 13:09:16,884 [INFO] ApiDb:261 - Set plugin images path to: C:\Users\agust\Desktop\STM32CubeIDE_1.16.0\STM32CubeIDE\plugins\com.st.stm32cube.common.mx_6.12.0.202406281431\\db\/plugins/mcufinder/images/
2024-09-01 13:09:16,884 [WARN] DbFile:41 - Overriding database path with different value: C:\Users\agust\.stmcufinder\plugins\mcufinder/ => C:\Users\agust\.stmcufinder\plugins\mcufinder
2024-09-01 13:09:16,884 [INFO] ApiDb:250 - Set database path to: C:\Users\agust\.stmcufinder\plugins\mcufinder//mcu/
2024-09-01 13:09:16,884 [WARN] DbFile:41 - Overriding database path with different value: C:\Users\agust\.stmcufinder\plugins\mcufinder/ => C:\Users\agust\.stmcufinder\plugins\mcufinder
2024-09-01 13:09:16,886 [INFO] DbMcusAds:125 - Set database path to: C:\Users\agust\.stmcufinder\plugins\mcufinder//mcu/
2024-09-01 13:09:16,886 [WARN] DbFile:41 - Overriding database path with different value: C:\Users\agust\.stmcufinder\plugins\mcufinder/ => C:\Users\agust\.stmcufinder\plugins\mcufinder
2024-09-01 13:09:16,886 [WARN] DbFile:41 - Overriding database path with different value: C:\Users\agust\.stmcufinder\plugins\mcufinder/ => C:\Users\agust\.stmcufinder\plugins\mcufinder
2024-09-01 13:09:16,886 [INFO] CrossReferenceDbSqlite:203 - Set database path to: C:\Users\agust\.stmcufinder\plugins\mcufinder//mcu/cs/
2024-09-01 13:09:17,046 [INFO] MainPanel:268 - HeapMemory: 268435456
2024-09-01 13:09:17,268 [INFO] DbMcusXml:78 - Set database path to: C:\Users\agust\Desktop\STM32CubeIDE_1.16.0\STM32CubeIDE\plugins\com.st.stm32cube.common.mx_6.12.0.202406281431\\db\/mcu/
2024-09-01 13:09:17,268 [INFO] ApiDb:274 - Set plugin database path to: C:\Users\agust\Desktop\STM32CubeIDE_1.16.0\STM32CubeIDE\plugins\com.st.stm32cube.common.mx_6.12.0.202406281431\\db\/plugins/boardmanager/
2024-09-01 13:09:17,268 [INFO] ApiDb:261 - Set plugin images path to: C:\Users\agust\Desktop\STM32CubeIDE_1.16.0\STM32CubeIDE\plugins\com.st.stm32cube.common.mx_6.12.0.202406281431\\db\/plugins/mcufinder/images/
2024-09-01 13:09:17,269 [WARN] DbFile:41 - Overriding database path with different value: C:\Users\agust\.stmcufinder\plugins\mcufinder/ => C:\Users\agust\.stmcufinder\plugins\mcufinder
2024-09-01 13:09:17,269 [INFO] ApiDb:250 - Set database path to: C:\Users\agust\.stmcufinder\plugins\mcufinder//mcu/
2024-09-01 13:09:17,269 [WARN] DbFile:41 - Overriding database path with different value: C:\Users\agust\.stmcufinder\plugins\mcufinder/ => C:\Users\agust\.stmcufinder\plugins\mcufinder
2024-09-01 13:09:17,269 [INFO] DbMcusAds:125 - Set database path to: C:\Users\agust\.stmcufinder\plugins\mcufinder//mcu/
2024-09-01 13:09:17,270 [WARN] DbFile:41 - Overriding database path with different value: C:\Users\agust\.stmcufinder\plugins\mcufinder/ => C:\Users\agust\.stmcufinder\plugins\mcufinder
2024-09-01 13:09:17,270 [WARN] DbFile:41 - Overriding database path with different value: C:\Users\agust\.stmcufinder\plugins\mcufinder/ => C:\Users\agust\.stmcufinder\plugins\mcufinder
2024-09-01 13:09:17,270 [INFO] CrossReferenceDbSqlite:203 - Set database path to: C:\Users\agust\.stmcufinder\plugins\mcufinder//mcu/cs/
2024-09-01 13:09:17,312 [INFO] ApplicationProperties:184 - Using Application install path: C:\Users\agust\Desktop\STM32CubeIDE_1.16.0\STM32CubeIDE\plugins\com.st.stm32cube.common.mx_6.12.0.202406281431
2024-09-01 13:09:17,317 [INFO] PluginManage:196 - Search for loadable plugins [exclusion list=, ]
2024-09-01 13:09:17,320 [INFO] PluginManage:310 - Check plugin analytics
2024-09-01 13:09:17,753 [INFO] AnalyticsPlugin:253 - Accepted Software Licenses: 
2024-09-01 13:09:17,753 [INFO] AnalyticsPlugin:255 - Accepted CMSIS Pack Licenses: 
2024-09-01 13:09:17,754 [INFO] AnalyticsPlugin:257 - Accepted Firmware Licenses: 
2024-09-01 13:09:17,759 [INFO] PluginManage:359 - Loaded plugin analytics (category:tool,tabindex:-1)
2024-09-01 13:09:17,760 [INFO] PluginManage:310 - Check plugin cadmodel
2024-09-01 13:09:17,789 [INFO] CADModel:105 - Init CAD model plugin
2024-09-01 13:09:17,789 [INFO] PluginManage:359 - Loaded plugin cadmodel (category:power,tabindex:5)
2024-09-01 13:09:17,789 [INFO] PluginManage:310 - Check plugin clock
2024-09-01 13:09:17,827 [INFO] PluginManage:359 - Loaded plugin clock (category:base,tabindex:2)
2024-09-01 13:09:17,827 [INFO] PluginManage:310 - Check plugin ddr
2024-09-01 13:09:17,832 [INFO] PluginManage:359 - Loaded plugin ddr (category:tool,tabindex:6)
2024-09-01 13:09:17,832 [INFO] PluginManage:310 - Check plugin filemanager
2024-09-01 13:09:18,152 [INFO] PluginManage:359 - Loaded plugin filemanager (category:base,tabindex:10)
2024-09-01 13:09:18,152 [INFO] PluginManage:310 - Check plugin ipmanager
2024-09-01 13:09:18,170 [INFO] PluginManage:359 - Loaded plugin ipmanager (category:base,tabindex:5)
2024-09-01 13:09:18,171 [INFO] PluginManage:310 - Check plugin lpbam
2024-09-01 13:09:18,215 [INFO] PluginManage:359 - Loaded plugin lpbam (category:base,tabindex:0)
2024-09-01 13:09:18,215 [INFO] PluginManage:310 - Check plugin memorymap
2024-09-01 13:09:18,280 [INFO] PluginManage:359 - Loaded plugin memorymap (category:base,tabindex:4)
2024-09-01 13:09:18,280 [INFO] PluginManage:310 - Check plugin pinoutandconfiguration
2024-09-01 13:09:18,321 [INFO] PluginManage:359 - Loaded plugin pinoutandconfiguration (category:base,tabindex:1)
2024-09-01 13:09:18,321 [INFO] PluginManage:310 - Check plugin pinoutconfig
2024-09-01 13:09:18,498 [WARN] SupportedApi:132 - Cannot load RTOS API schema: s4s-elt-must-match.1: The content of 'definitions' must match (annotation?, (simpleType | complexType)?, (unique | key | keyref)*)). A problem was found starting at: attribute.
2024-09-01 13:09:18,754 [INFO] PluginManage:359 - Loaded plugin pinoutconfig (category:base,tabindex:0)
2024-09-01 13:09:18,756 [INFO] PluginManage:310 - Check plugin power
2024-09-01 13:09:18,809 [INFO] PluginManage:359 - Loaded plugin power (category:power,tabindex:4)
2024-09-01 13:09:18,809 [INFO] PluginManage:310 - Check plugin projectmanager
2024-09-01 13:09:18,849 [INFO] PluginManage:359 - Loaded plugin projectmanager (category:projectmanager,tabindex:4)
2024-09-01 13:09:18,850 [INFO] PluginManage:310 - Check plugin rif
2024-09-01 13:09:18,876 [INFO] PluginManage:359 - Loaded plugin rif (category:base,tabindex:3)
2024-09-01 13:09:18,877 [INFO] PluginManage:310 - Check plugin thirdparty
2024-09-01 13:09:19,332 [INFO] PluginManage:359 - Loaded plugin thirdparty (category:base,tabindex:-1)
2024-09-01 13:09:19,332 [WARN] IntegrityCheckThread:84 - waiting for thirdparty lock release [integrity check]
2024-09-01 13:09:19,333 [INFO] IntegrityCheckThread:86 - entering critical section [integrity check]
2024-09-01 13:09:19,333 [INFO] PluginManage:310 - Check plugin tools
2024-09-01 13:09:19,333 [INFO] ThirdPartyUpdaterWithRetryManager:70 - Updater plugin not ready yet. [1/15]
2024-09-01 13:09:19,390 [INFO] PluginManage:359 - Loaded plugin tools (category:base,tabindex:7)
2024-09-01 13:09:19,390 [INFO] PluginManage:310 - Check plugin tutovideos
2024-09-01 13:09:19,709 [INFO] PluginManage:359 - Loaded plugin tutovideos (category:base,tabindex:-1)
2024-09-01 13:09:19,709 [INFO] PluginManage:310 - Check plugin updater
2024-09-01 13:09:19,742 [INFO] PluginManage:359 - Loaded plugin updater (category:base,tabindex:12)
2024-09-01 13:09:19,742 [INFO] PluginManage:310 - Check plugin userauth
2024-09-01 13:09:19,754 [INFO] UserAuth:113 - Init User Auth plugin
2024-09-01 13:09:19,754 [INFO] PluginManage:359 - Loaded plugin userauth (category:base,tabindex:14)
2024-09-01 13:09:19,756 [INFO] PluginManage:283 - PluginManage : Loaded plugins [18]
2024-09-01 13:09:20,147 [INFO] PinOutPanel:1561 - setPackage(No Configuration,No Configuration)
2024-09-01 13:09:20,320 [INFO] CADModel:165 - CPN selected for project level
2024-09-01 13:09:20,320 [INFO] CADModel:114 - Register for checkConnection events
2024-09-01 13:09:20,369 [INFO] IPUIPlugin:80 - create IPUIPlugin
2024-09-01 13:09:20,369 [INFO] PluginManager:220 - loadIPPluginJar : add adc
2024-09-01 13:09:20,431 [INFO] IPUIPlugin:80 - create IPUIPlugin
2024-09-01 13:09:20,431 [INFO] PluginManager:220 - loadIPPluginJar : add aes
2024-09-01 13:09:20,495 [INFO] IPUIPlugin:80 - create IPUIPlugin
2024-09-01 13:09:20,495 [INFO] PluginManager:220 - loadIPPluginJar : add can
2024-09-01 13:09:20,528 [INFO] IPUIPlugin:80 - create IPUIPlugin
2024-09-01 13:09:20,528 [INFO] PluginManager:220 - loadIPPluginJar : add comp
2024-09-01 13:09:20,583 [INFO] IPUIPlugin:80 - create IPUIPlugin
2024-09-01 13:09:20,583 [INFO] PluginManager:220 - loadIPPluginJar : add cryp
2024-09-01 13:09:20,603 [INFO] IPUIPlugin:80 - create IPUIPlugin
2024-09-01 13:09:20,603 [INFO] PluginManager:220 - loadIPPluginJar : add ddr_ctrl_phy
2024-09-01 13:09:20,647 [INFO] IPUIPlugin:80 - create IPUIPlugin
2024-09-01 13:09:20,647 [INFO] PluginManager:220 - loadIPPluginJar : add dfsdm
2024-09-01 13:09:20,668 [INFO] IPUIPlugin:80 - create IPUIPlugin
2024-09-01 13:09:20,669 [INFO] PluginManager:220 - loadIPPluginJar : add dma
2024-09-01 13:09:20,729 [INFO] IPUIPlugin:80 - create IPUIPlugin
2024-09-01 13:09:20,729 [INFO] PluginManager:220 - loadIPPluginJar : add dma3
2024-09-01 13:09:20,796 [INFO] IPUIPlugin:80 - create IPUIPlugin
2024-09-01 13:09:20,796 [INFO] PluginManager:220 - loadIPPluginJar : add extmemmanager
2024-09-01 13:09:20,829 [INFO] IPUIPlugin:80 - create IPUIPlugin
2024-09-01 13:09:20,830 [INFO] PluginManager:220 - loadIPPluginJar : add fatfs
2024-09-01 13:09:20,904 [INFO] IPUIPlugin:80 - create IPUIPlugin
2024-09-01 13:09:20,905 [INFO] PluginManager:220 - loadIPPluginJar : add fmc
2024-09-01 13:09:20,924 [INFO] IPUIPlugin:80 - create IPUIPlugin
2024-09-01 13:09:20,924 [INFO] PluginManager:220 - loadIPPluginJar : add freertos
2024-09-01 13:09:20,958 [INFO] IPUIPlugin:80 - create IPUIPlugin
2024-09-01 13:09:20,958 [INFO] PluginManager:220 - loadIPPluginJar : add genericplugin
2024-09-01 13:09:21,113 [INFO] IPUIPlugin:80 - create IPUIPlugin
2024-09-01 13:09:21,114 [INFO] PluginManager:220 - loadIPPluginJar : add gfxmmu
2024-09-01 13:09:21,331 [INFO] IPUIPlugin:80 - create IPUIPlugin
2024-09-01 13:09:21,331 [INFO] PluginManager:220 - loadIPPluginJar : add gic
2024-09-01 13:09:21,348 [INFO] IPUIPlugin:80 - create IPUIPlugin
2024-09-01 13:09:21,349 [INFO] PluginManager:220 - loadIPPluginJar : add gpio
2024-09-01 13:09:21,494 [INFO] IPUIPlugin:80 - create IPUIPlugin
2024-09-01 13:09:21,494 [INFO] PluginManager:220 - loadIPPluginJar : add gtzc
2024-09-01 13:09:21,543 [INFO] IPUIPlugin:80 - create IPUIPlugin
2024-09-01 13:09:21,543 [INFO] PluginManager:220 - loadIPPluginJar : add hash
2024-09-01 13:09:21,648 [INFO] IPUIPlugin:80 - create IPUIPlugin
2024-09-01 13:09:21,648 [INFO] PluginManager:220 - loadIPPluginJar : add i2c
2024-09-01 13:09:21,724 [INFO] IPUIPlugin:80 - create IPUIPlugin
2024-09-01 13:09:21,724 [INFO] PluginManager:220 - loadIPPluginJar : add i2s
2024-09-01 13:09:21,790 [INFO] IPUIPlugin:80 - create IPUIPlugin
2024-09-01 13:09:21,790 [INFO] PluginManager:220 - loadIPPluginJar : add i3c
2024-09-01 13:09:21,975 [INFO] IPUIPlugin:80 - create IPUIPlugin
2024-09-01 13:09:21,975 [INFO] PluginManager:220 - loadIPPluginJar : add ipddr
2024-09-01 13:09:22,165 [INFO] IPUIPlugin:80 - create IPUIPlugin
2024-09-01 13:09:22,165 [INFO] PluginManager:220 - loadIPPluginJar : add linkedlist
2024-09-01 13:09:22,240 [INFO] IPUIPlugin:80 - create IPUIPlugin
2024-09-01 13:09:22,240 [INFO] PluginManager:220 - loadIPPluginJar : add lorawan
2024-09-01 13:09:22,305 [INFO] IPUIPlugin:80 - create IPUIPlugin
2024-09-01 13:09:22,307 [INFO] PluginManager:220 - loadIPPluginJar : add ltdc
2024-09-01 13:09:22,333 [INFO] IPUIPlugin:80 - create IPUIPlugin
2024-09-01 13:09:22,333 [INFO] PluginManager:220 - loadIPPluginJar : add mdma
2024-09-01 13:09:22,335 [INFO] ThirdPartyUpdaterWithRetryManager:70 - Updater plugin not ready yet. [2/15]
2024-09-01 13:09:22,352 [INFO] IPUIPlugin:80 - create IPUIPlugin
2024-09-01 13:09:22,352 [INFO] PluginManager:220 - loadIPPluginJar : add nvic
2024-09-01 13:09:22,417 [INFO] IPUIPlugin:80 - create IPUIPlugin
2024-09-01 13:09:22,417 [INFO] PluginManager:220 - loadIPPluginJar : add opamp
2024-09-01 13:09:22,547 [INFO] IPUIPlugin:80 - create IPUIPlugin
2024-09-01 13:09:22,548 [INFO] PluginManager:220 - loadIPPluginJar : add openamp
2024-09-01 13:09:22,642 [INFO] IPUIPlugin:80 - create IPUIPlugin
2024-09-01 13:09:22,642 [INFO] PluginManager:220 - loadIPPluginJar : add pdm2pcm
2024-09-01 13:09:22,668 [INFO] IPUIPlugin:80 - create IPUIPlugin
2024-09-01 13:09:22,673 [INFO] PluginManager:220 - loadIPPluginJar : add plateformsettings
2024-09-01 13:09:22,739 [INFO] IPUIPlugin:80 - create IPUIPlugin
2024-09-01 13:09:22,739 [INFO] PluginManager:220 - loadIPPluginJar : add quadspi
2024-09-01 13:09:22,810 [INFO] IPUIPlugin:80 - create IPUIPlugin
2024-09-01 13:09:22,811 [INFO] PluginManager:220 - loadIPPluginJar : add radio
2024-09-01 13:09:22,841 [INFO] IPUIPlugin:80 - create IPUIPlugin
2024-09-01 13:09:22,841 [INFO] PluginManager:220 - loadIPPluginJar : add resmgrutility
2024-09-01 13:09:22,936 [INFO] IPUIPlugin:80 - create IPUIPlugin
2024-09-01 13:09:22,936 [INFO] PluginManager:220 - loadIPPluginJar : add sai
2024-09-01 13:09:23,007 [INFO] IPUIPlugin:80 - create IPUIPlugin
2024-09-01 13:09:23,007 [INFO] PluginManager:220 - loadIPPluginJar : add spi
2024-09-01 13:09:23,100 [INFO] IPUIPlugin:80 - create IPUIPlugin
2024-09-01 13:09:23,100 [INFO] PluginManager:220 - loadIPPluginJar : add stm32_wpan
2024-09-01 13:09:23,134 [INFO] IPUIPlugin:80 - create IPUIPlugin
2024-09-01 13:09:23,134 [INFO] PluginManager:220 - loadIPPluginJar : add tim
2024-09-01 13:09:23,220 [INFO] IPUIPlugin:80 - create IPUIPlugin
2024-09-01 13:09:23,220 [INFO] PluginManager:220 - loadIPPluginJar : add touchsensing
2024-09-01 13:09:23,257 [INFO] IPUIPlugin:80 - create IPUIPlugin
2024-09-01 13:09:23,257 [INFO] PluginManager:220 - loadIPPluginJar : add tracer_emb
2024-09-01 13:09:23,294 [INFO] IPUIPlugin:80 - create IPUIPlugin
2024-09-01 13:09:23,294 [INFO] PluginManager:220 - loadIPPluginJar : add ts
2024-09-01 13:09:23,341 [INFO] IPUIPlugin:80 - create IPUIPlugin
2024-09-01 13:09:23,342 [INFO] PluginManager:220 - loadIPPluginJar : add tsc
2024-09-01 13:09:23,411 [INFO] IPUIPlugin:80 - create IPUIPlugin
2024-09-01 13:09:23,411 [INFO] PluginManager:220 - loadIPPluginJar : add ucpd
2024-09-01 13:09:23,521 [INFO] IPUIPlugin:80 - create IPUIPlugin
2024-09-01 13:09:23,521 [INFO] PluginManager:220 - loadIPPluginJar : add usart
2024-09-01 13:09:23,604 [INFO] IPUIPlugin:80 - create IPUIPlugin
2024-09-01 13:09:23,604 [INFO] PluginManager:220 - loadIPPluginJar : add usbx
2024-09-01 13:09:23,760 [INFO] CADModel:165 - CPN selected for project level
2024-09-01 13:09:23,760 [INFO] CADModel:114 - Register for checkConnection events
2024-09-01 13:09:23,760 [FATAL] Updater:334 - Updater called before beeing initialized
2024-09-01 13:09:23,760 [ERROR] CADModel:125 - Updater not yet initialized, retry later 
2024-09-01 13:09:23,999 [INFO] CADModel:165 - CPN selected for project level
2024-09-01 13:09:23,999 [INFO] CADModel:114 - Register for checkConnection events
2024-09-01 13:09:23,999 [FATAL] Updater:334 - Updater called before beeing initialized
2024-09-01 13:09:23,999 [ERROR] CADModel:125 - Updater not yet initialized, retry later 
2024-09-01 13:09:24,004 [FATAL] Updater:334 - Updater called before beeing initialized
2024-09-01 13:09:24,178 [FATAL] Updater:334 - Updater called before beeing initialized
2024-09-01 13:09:24,194 [INFO] DbMcusAds:53 - JSON generation date=Thu May 16 06:22:00 ART 2024 (1715851320667)
2024-09-01 13:09:24,194 [FATAL] Updater:334 - Updater called before beeing initialized
2024-09-01 13:09:24,250 [WARN] DetailPanel:346 - Failed to get advertising image, set to default
2024-09-01 13:09:24,443 [FATAL] Updater:334 - Updater called before beeing initialized
2024-09-01 13:09:24,447 [FATAL] Updater:334 - Updater called before beeing initialized
2024-09-01 13:09:24,447 [FATAL] Updater:334 - Updater called before beeing initialized
2024-09-01 13:09:24,447 [WARN] DetailPanel:346 - Failed to get advertising image, set to default
2024-09-01 13:09:24,448 [FATAL] Updater:334 - Updater called before beeing initialized
2024-09-01 13:09:24,557 [ERROR] Updater:1164 - MainUpdater not yet initialized. External WinMGr cannot be set.
2024-09-01 13:09:24,578 [INFO] Updater:1100 - Updater Version found : 6.12.0
2024-09-01 13:09:24,607 [INFO] ApplicationProperties:184 - Using Application install path: C:\Users\agust\Desktop\STM32CubeIDE_1.16.0\STM32CubeIDE\plugins\com.st.stm32cube.common.mx_6.12.0.202406281431
2024-09-01 13:09:25,335 [INFO] ThirdPartyUpdaterWithRetryManager:70 - Updater plugin not ready yet. [3/15]
2024-09-01 13:09:26,209 [ERROR] LogOutputStream:75 - [STDERR_REDIRECT] Sep 01, 2024 1:09:26 PM java.util.prefs.WindowsPreferences <init>
2024-09-01 13:09:26,213 [ERROR] LogOutputStream:75 - [STDERR_REDIRECT] WARNING: Could not open/create prefs root node Software\JavaSoft\Prefs at root 0xffffffff80000002. Windows RegCreateKeyEx(...) returned error code 5.
2024-09-01 13:09:26,214 [ERROR] LogOutputStream:75 - [STDERR_REDIRECT] 
2024-09-01 13:09:28,337 [FATAL] Updater:334 - Updater called before beeing initialized
2024-09-01 13:09:28,337 [ERROR] IntegrityCheckThread:130 - Cannot retrieve database content from updater: error 21
2024-09-01 13:09:28,338 [INFO] ThirdParty:978 - Integrity check success = false
2024-09-01 13:09:28,338 [INFO] IntegrityCheckThread:100 - exiting critical section [integrity check]
2024-09-01 13:09:28,338 [INFO] IntegrityCheckThread:103 - End integrity checks thread
2024-09-01 13:09:29,199 [INFO] MainUpdater:2873 - connection check result : 10
2024-09-01 13:09:29,199 [INFO] MainUpdater:3567 - Updater definition file requires update
2024-09-01 13:09:29,201 [INFO] MainUpdater:290 - Updater Check For Update Now.
2024-09-01 13:09:29,202 [INFO] MicroXplorer:498 - Change Database Version : DB.6.0.120
2024-09-01 13:09:29,225 [INFO] McuFinderGlobals:63 - Set McuFinder mode to 2 (CubeIDE integrated)
2024-09-01 13:09:29,225 [INFO] UserAuth:179 - activating auth plugin
2024-09-01 13:09:29,228 [INFO] UserAuth:417 - Internet connection configuration mode: 1
2024-09-01 13:09:29,248 [INFO] ServerAccessManage:473 - Download File updaters.zip
2024-09-01 13:09:29,267 [INFO] JxBrowserEngine:152 - Initiate JxBrowser Engine with user profile folder
2024-09-01 13:09:29,333 [INFO] FileExtend:240 - Unzip File : updaters.zip
2024-09-01 13:09:29,334 [INFO] FileExtend:255 - Standard Zip Deflate
2024-09-01 13:09:30,349 [INFO] ServerAccessManage:473 - Download File PacksControlFlags.xml
2024-09-01 13:09:30,487 [INFO] ServerAccessManage:473 - Download File cubemx.pidx
2024-09-01 13:09:30,680 [INFO] LoadServerUpdatesThread:375 - End of LoadServerUpdate Thread
2024-09-01 13:09:30,916 [INFO] CheckServerUpdateThread:120 - End of CheckServer Thread
2024-09-01 13:09:34,845 [INFO] WebApp:167 - Instantiating new browser for Auth
2024-09-01 13:09:36,006 [INFO] WebApp:448 - Apply proxy settings
2024-09-01 13:09:36,006 [INFO] WebApp:533 - Chromium requires no authentication
2024-09-01 13:09:36,023 [INFO] WebApp:476 - Direct internet connection detected
2024-09-01 13:09:36,073 [INFO] WebApp:869 - Register for checkConnection events
2024-09-01 13:09:36,074 [INFO] WebApp:448 - Apply proxy settings
2024-09-01 13:09:36,074 [INFO] WebApp:533 - Chromium requires no authentication
2024-09-01 13:09:36,075 [INFO] WebApp:476 - Direct internet connection detected
2024-09-01 13:09:36,398 [INFO] WebApp:220 - Starting web application
2024-09-01 13:09:36,399 [INFO] WebApp:578 - Web application path used C:\Users\agust\Desktop\STM32CubeIDE_1.16.0\STM32CubeIDE\plugins\com.st.stm32cube.common.mx_6.12.0.202406281431\db\plugins\mcufinder\reactClient1\index.html
2024-09-01 13:09:36,546 [INFO] WebApp:186 - Connection restablished
