2024-08-23 10:13:33,511 [INFO] Activator:176 - 


2024-08-23 10:13:33,520 [INFO] Activator:177 - !SESSION log4j initialized
2024-08-23 10:13:42,787 [INFO] LogOutputStream:77 - [STDOUT_REDIRECT] 
2024-08-23 10:13:46,001 [INFO] ApplicationProperties:184 - Using Application install path: C:\Users\agust\Desktop\STM32CubeIDE_1.16.0\STM32CubeIDE\plugins\com.st.stm32cube.common.mx_6.12.0.202406281431
2024-08-23 10:13:46,034 [INFO] DbMcusXml:78 - Set database path to: C:\Users\agust\Desktop\STM32CubeIDE_1.16.0\STM32CubeIDE\plugins\com.st.stm32cube.common.mx_6.12.0.202406281431\\db\/mcu/
2024-08-23 10:13:46,035 [INFO] ApiDb:274 - Set plugin database path to: C:\Users\agust\Desktop\STM32CubeIDE_1.16.0\STM32CubeIDE\plugins\com.st.stm32cube.common.mx_6.12.0.202406281431\\db\/plugins/boardmanager/
2024-08-23 10:13:46,035 [WARN] ApiDb:259 - Overriding images path with different value:  => C:\Users\agust\Desktop\STM32CubeIDE_1.16.0\STM32CubeIDE\plugins\com.st.stm32cube.common.mx_6.12.0.202406281431\\db\/plugins/mcufinder/images/
2024-08-23 10:13:46,050 [INFO] ApiDb:250 - Set database path to: C:\Users\agust\.stmcufinder\plugins\mcufinder//mcu/
2024-08-23 10:13:46,051 [INFO] DbMcusAds:125 - Set database path to: C:\Users\agust\.stmcufinder\plugins\mcufinder//mcu/
2024-08-23 10:13:46,055 [INFO] CrossReferenceDbSqlite:203 - Set database path to: C:\Users\agust\.stmcufinder\plugins\mcufinder//mcu/cs/
2024-08-23 10:13:46,204 [INFO] RulesReader:64 - Compatibility file has been processed (297 Rules)
2024-08-23 10:13:46,362 [INFO] DbMcusXml:78 - Set database path to: C:\Users\agust\Desktop\STM32CubeIDE_1.16.0\STM32CubeIDE\plugins\com.st.stm32cube.common.mx_6.12.0.202406281431\\db\/mcu/
2024-08-23 10:13:46,363 [INFO] ApiDb:274 - Set plugin database path to: C:\Users\agust\Desktop\STM32CubeIDE_1.16.0\STM32CubeIDE\plugins\com.st.stm32cube.common.mx_6.12.0.202406281431\\db\/plugins/boardmanager/
2024-08-23 10:13:46,363 [INFO] ApiDb:261 - Set plugin images path to: C:\Users\agust\Desktop\STM32CubeIDE_1.16.0\STM32CubeIDE\plugins\com.st.stm32cube.common.mx_6.12.0.202406281431\\db\/plugins/mcufinder/images/
2024-08-23 10:13:46,365 [WARN] DbFile:41 - Overriding database path with different value: C:\Users\agust\.stmcufinder\plugins\mcufinder/ => C:\Users\agust\.stmcufinder\plugins\mcufinder
2024-08-23 10:13:46,365 [INFO] ApiDb:250 - Set database path to: C:\Users\agust\.stmcufinder\plugins\mcufinder//mcu/
2024-08-23 10:13:46,365 [WARN] DbFile:41 - Overriding database path with different value: C:\Users\agust\.stmcufinder\plugins\mcufinder/ => C:\Users\agust\.stmcufinder\plugins\mcufinder
2024-08-23 10:13:46,366 [INFO] DbMcusAds:125 - Set database path to: C:\Users\agust\.stmcufinder\plugins\mcufinder//mcu/
2024-08-23 10:13:46,366 [WARN] DbFile:41 - Overriding database path with different value: C:\Users\agust\.stmcufinder\plugins\mcufinder/ => C:\Users\agust\.stmcufinder\plugins\mcufinder
2024-08-23 10:13:46,366 [WARN] DbFile:41 - Overriding database path with different value: C:\Users\agust\.stmcufinder\plugins\mcufinder/ => C:\Users\agust\.stmcufinder\plugins\mcufinder
2024-08-23 10:13:46,366 [INFO] CrossReferenceDbSqlite:203 - Set database path to: C:\Users\agust\.stmcufinder\plugins\mcufinder//mcu/cs/
2024-08-23 10:13:46,491 [INFO] MainPanel:268 - HeapMemory: 268435456
2024-08-23 10:13:46,648 [INFO] DbMcusXml:78 - Set database path to: C:\Users\agust\Desktop\STM32CubeIDE_1.16.0\STM32CubeIDE\plugins\com.st.stm32cube.common.mx_6.12.0.202406281431\\db\/mcu/
2024-08-23 10:13:46,648 [INFO] ApiDb:274 - Set plugin database path to: C:\Users\agust\Desktop\STM32CubeIDE_1.16.0\STM32CubeIDE\plugins\com.st.stm32cube.common.mx_6.12.0.202406281431\\db\/plugins/boardmanager/
2024-08-23 10:13:46,648 [INFO] ApiDb:261 - Set plugin images path to: C:\Users\agust\Desktop\STM32CubeIDE_1.16.0\STM32CubeIDE\plugins\com.st.stm32cube.common.mx_6.12.0.202406281431\\db\/plugins/mcufinder/images/
2024-08-23 10:13:46,649 [WARN] DbFile:41 - Overriding database path with different value: C:\Users\agust\.stmcufinder\plugins\mcufinder/ => C:\Users\agust\.stmcufinder\plugins\mcufinder
2024-08-23 10:13:46,649 [INFO] ApiDb:250 - Set database path to: C:\Users\agust\.stmcufinder\plugins\mcufinder//mcu/
2024-08-23 10:13:46,649 [WARN] DbFile:41 - Overriding database path with different value: C:\Users\agust\.stmcufinder\plugins\mcufinder/ => C:\Users\agust\.stmcufinder\plugins\mcufinder
2024-08-23 10:13:46,649 [INFO] DbMcusAds:125 - Set database path to: C:\Users\agust\.stmcufinder\plugins\mcufinder//mcu/
2024-08-23 10:13:46,649 [WARN] DbFile:41 - Overriding database path with different value: C:\Users\agust\.stmcufinder\plugins\mcufinder/ => C:\Users\agust\.stmcufinder\plugins\mcufinder
2024-08-23 10:13:46,649 [WARN] DbFile:41 - Overriding database path with different value: C:\Users\agust\.stmcufinder\plugins\mcufinder/ => C:\Users\agust\.stmcufinder\plugins\mcufinder
2024-08-23 10:13:46,649 [INFO] CrossReferenceDbSqlite:203 - Set database path to: C:\Users\agust\.stmcufinder\plugins\mcufinder//mcu/cs/
2024-08-23 10:13:46,672 [INFO] ApplicationProperties:184 - Using Application install path: C:\Users\agust\Desktop\STM32CubeIDE_1.16.0\STM32CubeIDE\plugins\com.st.stm32cube.common.mx_6.12.0.202406281431
2024-08-23 10:13:46,674 [INFO] PluginManage:196 - Search for loadable plugins [exclusion list=, ]
2024-08-23 10:13:46,677 [INFO] PluginManage:310 - Check plugin analytics
2024-08-23 10:13:47,011 [INFO] AnalyticsPlugin:253 - Accepted Software Licenses: 
2024-08-23 10:13:47,012 [INFO] AnalyticsPlugin:255 - Accepted CMSIS Pack Licenses: 
2024-08-23 10:13:47,013 [INFO] AnalyticsPlugin:257 - Accepted Firmware Licenses: 
2024-08-23 10:13:47,017 [INFO] PluginManage:359 - Loaded plugin analytics (category:tool,tabindex:-1)
2024-08-23 10:13:47,018 [INFO] PluginManage:310 - Check plugin cadmodel
2024-08-23 10:13:47,051 [INFO] CADModel:105 - Init CAD model plugin
2024-08-23 10:13:47,052 [INFO] PluginManage:359 - Loaded plugin cadmodel (category:power,tabindex:5)
2024-08-23 10:13:47,052 [INFO] PluginManage:310 - Check plugin clock
2024-08-23 10:13:47,090 [INFO] PluginManage:359 - Loaded plugin clock (category:base,tabindex:2)
2024-08-23 10:13:47,090 [INFO] PluginManage:310 - Check plugin ddr
2024-08-23 10:13:47,096 [INFO] PluginManage:359 - Loaded plugin ddr (category:tool,tabindex:6)
2024-08-23 10:13:47,096 [INFO] PluginManage:310 - Check plugin filemanager
2024-08-23 10:13:47,344 [INFO] PluginManage:359 - Loaded plugin filemanager (category:base,tabindex:10)
2024-08-23 10:13:47,344 [INFO] PluginManage:310 - Check plugin ipmanager
2024-08-23 10:13:47,355 [INFO] PluginManage:359 - Loaded plugin ipmanager (category:base,tabindex:5)
2024-08-23 10:13:47,355 [INFO] PluginManage:310 - Check plugin lpbam
2024-08-23 10:13:47,381 [INFO] PluginManage:359 - Loaded plugin lpbam (category:base,tabindex:0)
2024-08-23 10:13:47,381 [INFO] PluginManage:310 - Check plugin memorymap
2024-08-23 10:13:47,417 [INFO] PluginManage:359 - Loaded plugin memorymap (category:base,tabindex:4)
2024-08-23 10:13:47,417 [INFO] PluginManage:310 - Check plugin pinoutandconfiguration
2024-08-23 10:13:47,443 [INFO] PluginManage:359 - Loaded plugin pinoutandconfiguration (category:base,tabindex:1)
2024-08-23 10:13:47,443 [INFO] PluginManage:310 - Check plugin pinoutconfig
2024-08-23 10:13:47,576 [WARN] SupportedApi:132 - Cannot load RTOS API schema: s4s-elt-must-match.1: The content of 'definitions' must match (annotation?, (simpleType | complexType)?, (unique | key | keyref)*)). A problem was found starting at: attribute.
2024-08-23 10:13:47,763 [INFO] PluginManage:359 - Loaded plugin pinoutconfig (category:base,tabindex:0)
2024-08-23 10:13:47,763 [INFO] PluginManage:310 - Check plugin power
2024-08-23 10:13:47,783 [INFO] PluginManage:359 - Loaded plugin power (category:power,tabindex:4)
2024-08-23 10:13:47,783 [INFO] PluginManage:310 - Check plugin projectmanager
2024-08-23 10:13:47,814 [INFO] PluginManage:359 - Loaded plugin projectmanager (category:projectmanager,tabindex:4)
2024-08-23 10:13:47,814 [INFO] PluginManage:310 - Check plugin rif
2024-08-23 10:13:47,840 [INFO] PluginManage:359 - Loaded plugin rif (category:base,tabindex:3)
2024-08-23 10:13:47,840 [INFO] PluginManage:310 - Check plugin thirdparty
2024-08-23 10:13:48,216 [INFO] PluginManage:359 - Loaded plugin thirdparty (category:base,tabindex:-1)
2024-08-23 10:13:48,216 [WARN] IntegrityCheckThread:84 - waiting for thirdparty lock release [integrity check]
2024-08-23 10:13:48,216 [INFO] PluginManage:310 - Check plugin tools
2024-08-23 10:13:48,216 [INFO] IntegrityCheckThread:86 - entering critical section [integrity check]
2024-08-23 10:13:48,219 [INFO] ThirdPartyUpdaterWithRetryManager:70 - Updater plugin not ready yet. [1/15]
2024-08-23 10:13:48,262 [INFO] PluginManage:359 - Loaded plugin tools (category:base,tabindex:7)
2024-08-23 10:13:48,263 [INFO] PluginManage:310 - Check plugin tutovideos
2024-08-23 10:13:48,522 [INFO] PluginManage:359 - Loaded plugin tutovideos (category:base,tabindex:-1)
2024-08-23 10:13:48,522 [INFO] PluginManage:310 - Check plugin updater
2024-08-23 10:13:48,550 [INFO] PluginManage:359 - Loaded plugin updater (category:base,tabindex:12)
2024-08-23 10:13:48,550 [INFO] PluginManage:310 - Check plugin userauth
2024-08-23 10:13:48,557 [INFO] UserAuth:113 - Init User Auth plugin
2024-08-23 10:13:48,557 [INFO] PluginManage:359 - Loaded plugin userauth (category:base,tabindex:14)
2024-08-23 10:13:48,558 [INFO] PluginManage:283 - PluginManage : Loaded plugins [18]
2024-08-23 10:13:48,868 [INFO] PinOutPanel:1561 - setPackage(No Configuration,No Configuration)
2024-08-23 10:13:48,994 [INFO] CADModel:165 - CPN selected for project level
2024-08-23 10:13:48,994 [INFO] CADModel:114 - Register for checkConnection events
2024-08-23 10:13:49,030 [INFO] IPUIPlugin:80 - create IPUIPlugin
2024-08-23 10:13:49,030 [INFO] PluginManager:220 - loadIPPluginJar : add adc
2024-08-23 10:13:49,071 [INFO] IPUIPlugin:80 - create IPUIPlugin
2024-08-23 10:13:49,071 [INFO] PluginManager:220 - loadIPPluginJar : add aes
2024-08-23 10:13:49,119 [INFO] IPUIPlugin:80 - create IPUIPlugin
2024-08-23 10:13:49,119 [INFO] PluginManager:220 - loadIPPluginJar : add can
2024-08-23 10:13:49,146 [INFO] IPUIPlugin:80 - create IPUIPlugin
2024-08-23 10:13:49,146 [INFO] PluginManager:220 - loadIPPluginJar : add comp
2024-08-23 10:13:49,184 [INFO] IPUIPlugin:80 - create IPUIPlugin
2024-08-23 10:13:49,184 [INFO] PluginManager:220 - loadIPPluginJar : add cryp
2024-08-23 10:13:49,198 [INFO] IPUIPlugin:80 - create IPUIPlugin
2024-08-23 10:13:49,198 [INFO] PluginManager:220 - loadIPPluginJar : add ddr_ctrl_phy
2024-08-23 10:13:49,236 [INFO] IPUIPlugin:80 - create IPUIPlugin
2024-08-23 10:13:49,237 [INFO] PluginManager:220 - loadIPPluginJar : add dfsdm
2024-08-23 10:13:49,253 [INFO] IPUIPlugin:80 - create IPUIPlugin
2024-08-23 10:13:49,254 [INFO] PluginManager:220 - loadIPPluginJar : add dma
2024-08-23 10:13:49,324 [INFO] IPUIPlugin:80 - create IPUIPlugin
2024-08-23 10:13:49,324 [INFO] PluginManager:220 - loadIPPluginJar : add dma3
2024-08-23 10:13:49,390 [INFO] IPUIPlugin:80 - create IPUIPlugin
2024-08-23 10:13:49,390 [INFO] PluginManager:220 - loadIPPluginJar : add extmemmanager
2024-08-23 10:13:49,413 [INFO] IPUIPlugin:80 - create IPUIPlugin
2024-08-23 10:13:49,413 [INFO] PluginManager:220 - loadIPPluginJar : add fatfs
2024-08-23 10:13:49,481 [INFO] IPUIPlugin:80 - create IPUIPlugin
2024-08-23 10:13:49,481 [INFO] PluginManager:220 - loadIPPluginJar : add fmc
2024-08-23 10:13:49,496 [INFO] IPUIPlugin:80 - create IPUIPlugin
2024-08-23 10:13:49,496 [INFO] PluginManager:220 - loadIPPluginJar : add freertos
2024-08-23 10:13:49,523 [INFO] IPUIPlugin:80 - create IPUIPlugin
2024-08-23 10:13:49,523 [INFO] PluginManager:220 - loadIPPluginJar : add genericplugin
2024-08-23 10:13:49,626 [INFO] IPUIPlugin:80 - create IPUIPlugin
2024-08-23 10:13:49,627 [INFO] PluginManager:220 - loadIPPluginJar : add gfxmmu
2024-08-23 10:13:49,769 [INFO] IPUIPlugin:80 - create IPUIPlugin
2024-08-23 10:13:49,770 [INFO] PluginManager:220 - loadIPPluginJar : add gic
2024-08-23 10:13:49,784 [INFO] IPUIPlugin:80 - create IPUIPlugin
2024-08-23 10:13:49,784 [INFO] PluginManager:220 - loadIPPluginJar : add gpio
2024-08-23 10:13:49,889 [INFO] IPUIPlugin:80 - create IPUIPlugin
2024-08-23 10:13:49,889 [INFO] PluginManager:220 - loadIPPluginJar : add gtzc
2024-08-23 10:13:49,927 [INFO] IPUIPlugin:80 - create IPUIPlugin
2024-08-23 10:13:49,927 [INFO] PluginManager:220 - loadIPPluginJar : add hash
2024-08-23 10:13:49,979 [INFO] IPUIPlugin:80 - create IPUIPlugin
2024-08-23 10:13:49,979 [INFO] PluginManager:220 - loadIPPluginJar : add i2c
2024-08-23 10:13:50,031 [INFO] IPUIPlugin:80 - create IPUIPlugin
2024-08-23 10:13:50,032 [INFO] PluginManager:220 - loadIPPluginJar : add i2s
2024-08-23 10:13:50,085 [INFO] IPUIPlugin:80 - create IPUIPlugin
2024-08-23 10:13:50,085 [INFO] PluginManager:220 - loadIPPluginJar : add i3c
2024-08-23 10:13:50,193 [INFO] IPUIPlugin:80 - create IPUIPlugin
2024-08-23 10:13:50,193 [INFO] PluginManager:220 - loadIPPluginJar : add ipddr
2024-08-23 10:13:50,297 [INFO] IPUIPlugin:80 - create IPUIPlugin
2024-08-23 10:13:50,297 [INFO] PluginManager:220 - loadIPPluginJar : add linkedlist
2024-08-23 10:13:50,343 [INFO] IPUIPlugin:80 - create IPUIPlugin
2024-08-23 10:13:50,343 [INFO] PluginManager:220 - loadIPPluginJar : add lorawan
2024-08-23 10:13:50,381 [INFO] IPUIPlugin:80 - create IPUIPlugin
2024-08-23 10:13:50,381 [INFO] PluginManager:220 - loadIPPluginJar : add ltdc
2024-08-23 10:13:50,400 [INFO] IPUIPlugin:80 - create IPUIPlugin
2024-08-23 10:13:50,400 [INFO] PluginManager:220 - loadIPPluginJar : add mdma
2024-08-23 10:13:50,413 [INFO] IPUIPlugin:80 - create IPUIPlugin
2024-08-23 10:13:50,413 [INFO] PluginManager:220 - loadIPPluginJar : add nvic
2024-08-23 10:13:50,455 [INFO] IPUIPlugin:80 - create IPUIPlugin
2024-08-23 10:13:50,455 [INFO] PluginManager:220 - loadIPPluginJar : add opamp
2024-08-23 10:13:50,521 [INFO] IPUIPlugin:80 - create IPUIPlugin
2024-08-23 10:13:50,521 [INFO] PluginManager:220 - loadIPPluginJar : add openamp
2024-08-23 10:13:50,563 [INFO] IPUIPlugin:80 - create IPUIPlugin
2024-08-23 10:13:50,563 [INFO] PluginManager:220 - loadIPPluginJar : add pdm2pcm
2024-08-23 10:13:50,575 [INFO] IPUIPlugin:80 - create IPUIPlugin
2024-08-23 10:13:50,584 [INFO] PluginManager:220 - loadIPPluginJar : add plateformsettings
2024-08-23 10:13:50,610 [INFO] IPUIPlugin:80 - create IPUIPlugin
2024-08-23 10:13:50,610 [INFO] PluginManager:220 - loadIPPluginJar : add quadspi
2024-08-23 10:13:50,640 [INFO] IPUIPlugin:80 - create IPUIPlugin
2024-08-23 10:13:50,641 [INFO] PluginManager:220 - loadIPPluginJar : add radio
2024-08-23 10:13:50,653 [INFO] IPUIPlugin:80 - create IPUIPlugin
2024-08-23 10:13:50,653 [INFO] PluginManager:220 - loadIPPluginJar : add resmgrutility
2024-08-23 10:13:50,704 [INFO] IPUIPlugin:80 - create IPUIPlugin
2024-08-23 10:13:50,704 [INFO] PluginManager:220 - loadIPPluginJar : add sai
2024-08-23 10:13:50,746 [INFO] IPUIPlugin:80 - create IPUIPlugin
2024-08-23 10:13:50,746 [INFO] PluginManager:220 - loadIPPluginJar : add spi
2024-08-23 10:13:50,842 [INFO] IPUIPlugin:80 - create IPUIPlugin
2024-08-23 10:13:50,842 [INFO] PluginManager:220 - loadIPPluginJar : add stm32_wpan
2024-08-23 10:13:50,867 [INFO] IPUIPlugin:80 - create IPUIPlugin
2024-08-23 10:13:50,867 [INFO] PluginManager:220 - loadIPPluginJar : add tim
2024-08-23 10:13:50,926 [INFO] IPUIPlugin:80 - create IPUIPlugin
2024-08-23 10:13:50,926 [INFO] PluginManager:220 - loadIPPluginJar : add touchsensing
2024-08-23 10:13:50,962 [INFO] IPUIPlugin:80 - create IPUIPlugin
2024-08-23 10:13:50,963 [INFO] PluginManager:220 - loadIPPluginJar : add tracer_emb
2024-08-23 10:13:50,984 [INFO] IPUIPlugin:80 - create IPUIPlugin
2024-08-23 10:13:50,984 [INFO] PluginManager:220 - loadIPPluginJar : add ts
2024-08-23 10:13:51,013 [INFO] IPUIPlugin:80 - create IPUIPlugin
2024-08-23 10:13:51,013 [INFO] PluginManager:220 - loadIPPluginJar : add tsc
2024-08-23 10:13:51,042 [INFO] IPUIPlugin:80 - create IPUIPlugin
2024-08-23 10:13:51,042 [INFO] PluginManager:220 - loadIPPluginJar : add ucpd
2024-08-23 10:13:51,103 [INFO] IPUIPlugin:80 - create IPUIPlugin
2024-08-23 10:13:51,103 [INFO] PluginManager:220 - loadIPPluginJar : add usart
2024-08-23 10:13:51,181 [INFO] IPUIPlugin:80 - create IPUIPlugin
2024-08-23 10:13:51,181 [INFO] PluginManager:220 - loadIPPluginJar : add usbx
2024-08-23 10:13:51,222 [INFO] ThirdPartyUpdaterWithRetryManager:70 - Updater plugin not ready yet. [2/15]
2024-08-23 10:13:51,344 [INFO] CADModel:165 - CPN selected for project level
2024-08-23 10:13:51,344 [INFO] CADModel:114 - Register for checkConnection events
2024-08-23 10:13:51,344 [FATAL] Updater:334 - Updater called before beeing initialized
2024-08-23 10:13:51,344 [ERROR] CADModel:125 - Updater not yet initialized, retry later 
2024-08-23 10:13:51,552 [INFO] CADModel:165 - CPN selected for project level
2024-08-23 10:13:51,552 [INFO] CADModel:114 - Register for checkConnection events
2024-08-23 10:13:51,552 [FATAL] Updater:334 - Updater called before beeing initialized
2024-08-23 10:13:51,552 [ERROR] CADModel:125 - Updater not yet initialized, retry later 
2024-08-23 10:13:51,556 [FATAL] Updater:334 - Updater called before beeing initialized
2024-08-23 10:13:51,736 [FATAL] Updater:334 - Updater called before beeing initialized
2024-08-23 10:13:51,754 [INFO] DbMcusAds:53 - JSON generation date=Thu May 16 06:22:00 ART 2024 (1715851320667)
2024-08-23 10:13:51,754 [FATAL] Updater:334 - Updater called before beeing initialized
2024-08-23 10:13:51,800 [WARN] DetailPanel:346 - Failed to get advertising image, set to default
2024-08-23 10:13:51,895 [FATAL] Updater:334 - Updater called before beeing initialized
2024-08-23 10:13:51,898 [FATAL] Updater:334 - Updater called before beeing initialized
2024-08-23 10:13:51,898 [FATAL] Updater:334 - Updater called before beeing initialized
2024-08-23 10:13:51,899 [WARN] DetailPanel:346 - Failed to get advertising image, set to default
2024-08-23 10:13:51,899 [FATAL] Updater:334 - Updater called before beeing initialized
2024-08-23 10:13:51,982 [ERROR] Updater:1164 - MainUpdater not yet initialized. External WinMGr cannot be set.
2024-08-23 10:13:51,996 [INFO] Updater:1100 - Updater Version found : 6.12.0
2024-08-23 10:13:52,018 [INFO] ApplicationProperties:184 - Using Application install path: C:\Users\agust\Desktop\STM32CubeIDE_1.16.0\STM32CubeIDE\plugins\com.st.stm32cube.common.mx_6.12.0.202406281431
2024-08-23 10:13:53,651 [ERROR] LogOutputStream:75 - [STDERR_REDIRECT] Aug 23, 2024 10:13:53 AM java.util.prefs.WindowsPreferences <init>
2024-08-23 10:13:53,657 [ERROR] LogOutputStream:75 - [STDERR_REDIRECT] WARNING: Could not open/create prefs root node Software\JavaSoft\Prefs at root 0xffffffff80000002. Windows RegCreateKeyEx(...) returned error code 5.
2024-08-23 10:13:53,657 [ERROR] LogOutputStream:75 - [STDERR_REDIRECT] 
2024-08-23 10:13:54,223 [FATAL] Updater:334 - Updater called before beeing initialized
2024-08-23 10:13:54,224 [ERROR] IntegrityCheckThread:130 - Cannot retrieve database content from updater: error 21
2024-08-23 10:13:54,225 [INFO] ThirdParty:978 - Integrity check success = false
2024-08-23 10:13:54,225 [INFO] IntegrityCheckThread:100 - exiting critical section [integrity check]
2024-08-23 10:13:54,225 [INFO] IntegrityCheckThread:103 - End integrity checks thread
2024-08-23 10:13:54,418 [INFO] MainUpdater:2873 - connection check result : 10
2024-08-23 10:13:54,422 [INFO] MainUpdater:290 - Updater Check For Update Now.
2024-08-23 10:13:54,423 [INFO] MicroXplorer:498 - Change Database Version : DB.6.0.120
2024-08-23 10:13:54,445 [INFO] McuFinderGlobals:63 - Set McuFinder mode to 2 (CubeIDE integrated)
2024-08-23 10:13:54,445 [INFO] UserAuth:179 - activating auth plugin
2024-08-23 10:13:54,451 [INFO] UserAuth:417 - Internet connection configuration mode: 1
2024-08-23 10:13:54,506 [INFO] JxBrowserEngine:152 - Initiate JxBrowser Engine with user profile folder
2024-08-23 10:13:54,689 [INFO] CheckServerUpdateThread:120 - End of CheckServer Thread
2024-08-23 10:13:57,954 [INFO] WebApp:167 - Instantiating new browser for Auth
2024-08-23 10:13:59,010 [INFO] WebApp:448 - Apply proxy settings
2024-08-23 10:13:59,010 [INFO] WebApp:533 - Chromium requires no authentication
2024-08-23 10:13:59,030 [INFO] WebApp:476 - Direct internet connection detected
2024-08-23 10:13:59,074 [INFO] WebApp:869 - Register for checkConnection events
2024-08-23 10:13:59,075 [INFO] WebApp:448 - Apply proxy settings
2024-08-23 10:13:59,075 [INFO] WebApp:533 - Chromium requires no authentication
2024-08-23 10:13:59,076 [INFO] WebApp:476 - Direct internet connection detected
2024-08-23 10:13:59,288 [INFO] WebApp:186 - Connection restablished
2024-08-23 10:13:59,431 [INFO] WebApp:220 - Starting web application
2024-08-23 10:13:59,431 [INFO] WebApp:578 - Web application path used C:\Users\agust\Desktop\STM32CubeIDE_1.16.0\STM32CubeIDE\plugins\com.st.stm32cube.common.mx_6.12.0.202406281431\db\plugins\mcufinder\reactClient1\index.html
2024-08-23 13:31:46,180 [ERROR] LogOutputStream:75 - [STDERR_REDIRECT] 
