2024-08-27 11:24:31,651 [INFO] Activator:176 - 


2024-08-27 11:24:31,657 [INFO] Activator:177 - !SESSION log4j initialized
2024-08-27 11:24:41,557 [INFO] LogOutputStream:77 - [STDOUT_REDIRECT] 
2024-08-27 11:24:44,483 [INFO] ApplicationProperties:184 - Using Application install path: C:\Users\agust\Desktop\STM32CubeIDE_1.16.0\STM32CubeIDE\plugins\com.st.stm32cube.common.mx_6.12.0.202406281431
2024-08-27 11:24:44,507 [INFO] DbMcusXml:78 - Set database path to: C:\Users\agust\Desktop\STM32CubeIDE_1.16.0\STM32CubeIDE\plugins\com.st.stm32cube.common.mx_6.12.0.202406281431\\db\/mcu/
2024-08-27 11:24:44,507 [INFO] ApiDb:274 - Set plugin database path to: C:\Users\agust\Desktop\STM32CubeIDE_1.16.0\STM32CubeIDE\plugins\com.st.stm32cube.common.mx_6.12.0.202406281431\\db\/plugins/boardmanager/
2024-08-27 11:24:44,507 [WARN] ApiDb:259 - Overriding images path with different value:  => C:\Users\agust\Desktop\STM32CubeIDE_1.16.0\STM32CubeIDE\plugins\com.st.stm32cube.common.mx_6.12.0.202406281431\\db\/plugins/mcufinder/images/
2024-08-27 11:24:44,522 [INFO] ApiDb:250 - Set database path to: C:\Users\agust\.stmcufinder\plugins\mcufinder//mcu/
2024-08-27 11:24:44,524 [INFO] DbMcusAds:125 - Set database path to: C:\Users\agust\.stmcufinder\plugins\mcufinder//mcu/
2024-08-27 11:24:44,528 [INFO] CrossReferenceDbSqlite:203 - Set database path to: C:\Users\agust\.stmcufinder\plugins\mcufinder//mcu/cs/
2024-08-27 11:24:44,651 [INFO] RulesReader:64 - Compatibility file has been processed (297 Rules)
2024-08-27 11:24:44,766 [INFO] DbMcusXml:78 - Set database path to: C:\Users\agust\Desktop\STM32CubeIDE_1.16.0\STM32CubeIDE\plugins\com.st.stm32cube.common.mx_6.12.0.202406281431\\db\/mcu/
2024-08-27 11:24:44,766 [INFO] ApiDb:274 - Set plugin database path to: C:\Users\agust\Desktop\STM32CubeIDE_1.16.0\STM32CubeIDE\plugins\com.st.stm32cube.common.mx_6.12.0.202406281431\\db\/plugins/boardmanager/
2024-08-27 11:24:44,766 [INFO] ApiDb:261 - Set plugin images path to: C:\Users\agust\Desktop\STM32CubeIDE_1.16.0\STM32CubeIDE\plugins\com.st.stm32cube.common.mx_6.12.0.202406281431\\db\/plugins/mcufinder/images/
2024-08-27 11:24:44,767 [WARN] DbFile:41 - Overriding database path with different value: C:\Users\agust\.stmcufinder\plugins\mcufinder/ => C:\Users\agust\.stmcufinder\plugins\mcufinder
2024-08-27 11:24:44,767 [INFO] ApiDb:250 - Set database path to: C:\Users\agust\.stmcufinder\plugins\mcufinder//mcu/
2024-08-27 11:24:44,767 [WARN] DbFile:41 - Overriding database path with different value: C:\Users\agust\.stmcufinder\plugins\mcufinder/ => C:\Users\agust\.stmcufinder\plugins\mcufinder
2024-08-27 11:24:44,767 [INFO] DbMcusAds:125 - Set database path to: C:\Users\agust\.stmcufinder\plugins\mcufinder//mcu/
2024-08-27 11:24:44,767 [WARN] DbFile:41 - Overriding database path with different value: C:\Users\agust\.stmcufinder\plugins\mcufinder/ => C:\Users\agust\.stmcufinder\plugins\mcufinder
2024-08-27 11:24:44,767 [WARN] DbFile:41 - Overriding database path with different value: C:\Users\agust\.stmcufinder\plugins\mcufinder/ => C:\Users\agust\.stmcufinder\plugins\mcufinder
2024-08-27 11:24:44,767 [INFO] CrossReferenceDbSqlite:203 - Set database path to: C:\Users\agust\.stmcufinder\plugins\mcufinder//mcu/cs/
2024-08-27 11:24:44,884 [INFO] MainPanel:268 - HeapMemory: 268435456
2024-08-27 11:24:45,015 [INFO] DbMcusXml:78 - Set database path to: C:\Users\agust\Desktop\STM32CubeIDE_1.16.0\STM32CubeIDE\plugins\com.st.stm32cube.common.mx_6.12.0.202406281431\\db\/mcu/
2024-08-27 11:24:45,016 [INFO] ApiDb:274 - Set plugin database path to: C:\Users\agust\Desktop\STM32CubeIDE_1.16.0\STM32CubeIDE\plugins\com.st.stm32cube.common.mx_6.12.0.202406281431\\db\/plugins/boardmanager/
2024-08-27 11:24:45,016 [INFO] ApiDb:261 - Set plugin images path to: C:\Users\agust\Desktop\STM32CubeIDE_1.16.0\STM32CubeIDE\plugins\com.st.stm32cube.common.mx_6.12.0.202406281431\\db\/plugins/mcufinder/images/
2024-08-27 11:24:45,016 [WARN] DbFile:41 - Overriding database path with different value: C:\Users\agust\.stmcufinder\plugins\mcufinder/ => C:\Users\agust\.stmcufinder\plugins\mcufinder
2024-08-27 11:24:45,016 [INFO] ApiDb:250 - Set database path to: C:\Users\agust\.stmcufinder\plugins\mcufinder//mcu/
2024-08-27 11:24:45,016 [WARN] DbFile:41 - Overriding database path with different value: C:\Users\agust\.stmcufinder\plugins\mcufinder/ => C:\Users\agust\.stmcufinder\plugins\mcufinder
2024-08-27 11:24:45,016 [INFO] DbMcusAds:125 - Set database path to: C:\Users\agust\.stmcufinder\plugins\mcufinder//mcu/
2024-08-27 11:24:45,016 [WARN] DbFile:41 - Overriding database path with different value: C:\Users\agust\.stmcufinder\plugins\mcufinder/ => C:\Users\agust\.stmcufinder\plugins\mcufinder
2024-08-27 11:24:45,016 [WARN] DbFile:41 - Overriding database path with different value: C:\Users\agust\.stmcufinder\plugins\mcufinder/ => C:\Users\agust\.stmcufinder\plugins\mcufinder
2024-08-27 11:24:45,017 [INFO] CrossReferenceDbSqlite:203 - Set database path to: C:\Users\agust\.stmcufinder\plugins\mcufinder//mcu/cs/
2024-08-27 11:24:45,037 [INFO] ApplicationProperties:184 - Using Application install path: C:\Users\agust\Desktop\STM32CubeIDE_1.16.0\STM32CubeIDE\plugins\com.st.stm32cube.common.mx_6.12.0.202406281431
2024-08-27 11:24:45,039 [INFO] PluginManage:196 - Search for loadable plugins [exclusion list=, ]
2024-08-27 11:24:45,041 [INFO] PluginManage:310 - Check plugin analytics
2024-08-27 11:24:45,289 [INFO] AnalyticsPlugin:253 - Accepted Software Licenses: 
2024-08-27 11:24:45,289 [INFO] AnalyticsPlugin:255 - Accepted CMSIS Pack Licenses: 
2024-08-27 11:24:45,289 [INFO] AnalyticsPlugin:257 - Accepted Firmware Licenses: 
2024-08-27 11:24:45,293 [INFO] PluginManage:359 - Loaded plugin analytics (category:tool,tabindex:-1)
2024-08-27 11:24:45,293 [INFO] PluginManage:310 - Check plugin cadmodel
2024-08-27 11:24:45,318 [INFO] CADModel:105 - Init CAD model plugin
2024-08-27 11:24:45,318 [INFO] PluginManage:359 - Loaded plugin cadmodel (category:power,tabindex:5)
2024-08-27 11:24:45,318 [INFO] PluginManage:310 - Check plugin clock
2024-08-27 11:24:45,352 [INFO] PluginManage:359 - Loaded plugin clock (category:base,tabindex:2)
2024-08-27 11:24:45,353 [INFO] PluginManage:310 - Check plugin ddr
2024-08-27 11:24:45,357 [INFO] PluginManage:359 - Loaded plugin ddr (category:tool,tabindex:6)
2024-08-27 11:24:45,358 [INFO] PluginManage:310 - Check plugin filemanager
2024-08-27 11:24:45,552 [INFO] PluginManage:359 - Loaded plugin filemanager (category:base,tabindex:10)
2024-08-27 11:24:45,552 [INFO] PluginManage:310 - Check plugin ipmanager
2024-08-27 11:24:45,570 [INFO] PluginManage:359 - Loaded plugin ipmanager (category:base,tabindex:5)
2024-08-27 11:24:45,571 [INFO] PluginManage:310 - Check plugin lpbam
2024-08-27 11:24:45,595 [INFO] PluginManage:359 - Loaded plugin lpbam (category:base,tabindex:0)
2024-08-27 11:24:45,595 [INFO] PluginManage:310 - Check plugin memorymap
2024-08-27 11:24:45,633 [INFO] PluginManage:359 - Loaded plugin memorymap (category:base,tabindex:4)
2024-08-27 11:24:45,633 [INFO] PluginManage:310 - Check plugin pinoutandconfiguration
2024-08-27 11:24:45,651 [INFO] PluginManage:359 - Loaded plugin pinoutandconfiguration (category:base,tabindex:1)
2024-08-27 11:24:45,651 [INFO] PluginManage:310 - Check plugin pinoutconfig
2024-08-27 11:24:45,772 [WARN] SupportedApi:132 - Cannot load RTOS API schema: s4s-elt-must-match.1: The content of 'definitions' must match (annotation?, (simpleType | complexType)?, (unique | key | keyref)*)). A problem was found starting at: attribute.
2024-08-27 11:24:45,942 [INFO] PluginManage:359 - Loaded plugin pinoutconfig (category:base,tabindex:0)
2024-08-27 11:24:45,942 [INFO] PluginManage:310 - Check plugin power
2024-08-27 11:24:45,971 [INFO] PluginManage:359 - Loaded plugin power (category:power,tabindex:4)
2024-08-27 11:24:45,971 [INFO] PluginManage:310 - Check plugin projectmanager
2024-08-27 11:24:45,995 [INFO] PluginManage:359 - Loaded plugin projectmanager (category:projectmanager,tabindex:4)
2024-08-27 11:24:45,996 [INFO] PluginManage:310 - Check plugin rif
2024-08-27 11:24:46,015 [INFO] PluginManage:359 - Loaded plugin rif (category:base,tabindex:3)
2024-08-27 11:24:46,015 [INFO] PluginManage:310 - Check plugin thirdparty
2024-08-27 11:24:46,439 [INFO] PluginManage:359 - Loaded plugin thirdparty (category:base,tabindex:-1)
2024-08-27 11:24:46,439 [INFO] PluginManage:310 - Check plugin tools
2024-08-27 11:24:46,439 [WARN] IntegrityCheckThread:84 - waiting for thirdparty lock release [integrity check]
2024-08-27 11:24:46,440 [INFO] IntegrityCheckThread:86 - entering critical section [integrity check]
2024-08-27 11:24:46,441 [INFO] ThirdPartyUpdaterWithRetryManager:70 - Updater plugin not ready yet. [1/15]
2024-08-27 11:24:46,492 [INFO] PluginManage:359 - Loaded plugin tools (category:base,tabindex:7)
2024-08-27 11:24:46,492 [INFO] PluginManage:310 - Check plugin tutovideos
2024-08-27 11:24:46,731 [INFO] PluginManage:359 - Loaded plugin tutovideos (category:base,tabindex:-1)
2024-08-27 11:24:46,732 [INFO] PluginManage:310 - Check plugin updater
2024-08-27 11:24:46,745 [INFO] PluginManage:359 - Loaded plugin updater (category:base,tabindex:12)
2024-08-27 11:24:46,745 [INFO] PluginManage:310 - Check plugin userauth
2024-08-27 11:24:46,760 [INFO] UserAuth:113 - Init User Auth plugin
2024-08-27 11:24:46,760 [INFO] PluginManage:359 - Loaded plugin userauth (category:base,tabindex:14)
2024-08-27 11:24:46,760 [INFO] PluginManage:283 - PluginManage : Loaded plugins [18]
2024-08-27 11:24:47,058 [INFO] PinOutPanel:1561 - setPackage(No Configuration,No Configuration)
2024-08-27 11:24:47,181 [INFO] CADModel:165 - CPN selected for project level
2024-08-27 11:24:47,181 [INFO] CADModel:114 - Register for checkConnection events
2024-08-27 11:24:47,213 [INFO] IPUIPlugin:80 - create IPUIPlugin
2024-08-27 11:24:47,213 [INFO] PluginManager:220 - loadIPPluginJar : add adc
2024-08-27 11:24:47,244 [INFO] IPUIPlugin:80 - create IPUIPlugin
2024-08-27 11:24:47,244 [INFO] PluginManager:220 - loadIPPluginJar : add aes
2024-08-27 11:24:47,292 [INFO] IPUIPlugin:80 - create IPUIPlugin
2024-08-27 11:24:47,292 [INFO] PluginManager:220 - loadIPPluginJar : add can
2024-08-27 11:24:47,323 [INFO] IPUIPlugin:80 - create IPUIPlugin
2024-08-27 11:24:47,323 [INFO] PluginManager:220 - loadIPPluginJar : add comp
2024-08-27 11:24:47,355 [INFO] IPUIPlugin:80 - create IPUIPlugin
2024-08-27 11:24:47,355 [INFO] PluginManager:220 - loadIPPluginJar : add cryp
2024-08-27 11:24:47,370 [INFO] IPUIPlugin:80 - create IPUIPlugin
2024-08-27 11:24:47,370 [INFO] PluginManager:220 - loadIPPluginJar : add ddr_ctrl_phy
2024-08-27 11:24:47,417 [INFO] IPUIPlugin:80 - create IPUIPlugin
2024-08-27 11:24:47,417 [INFO] PluginManager:220 - loadIPPluginJar : add dfsdm
2024-08-27 11:24:47,434 [INFO] IPUIPlugin:80 - create IPUIPlugin
2024-08-27 11:24:47,434 [INFO] PluginManager:220 - loadIPPluginJar : add dma
2024-08-27 11:24:47,478 [INFO] IPUIPlugin:80 - create IPUIPlugin
2024-08-27 11:24:47,478 [INFO] PluginManager:220 - loadIPPluginJar : add dma3
2024-08-27 11:24:47,526 [INFO] IPUIPlugin:80 - create IPUIPlugin
2024-08-27 11:24:47,526 [INFO] PluginManager:220 - loadIPPluginJar : add extmemmanager
2024-08-27 11:24:47,540 [INFO] IPUIPlugin:80 - create IPUIPlugin
2024-08-27 11:24:47,540 [INFO] PluginManager:220 - loadIPPluginJar : add fatfs
2024-08-27 11:24:47,603 [INFO] IPUIPlugin:80 - create IPUIPlugin
2024-08-27 11:24:47,603 [INFO] PluginManager:220 - loadIPPluginJar : add fmc
2024-08-27 11:24:47,612 [INFO] IPUIPlugin:80 - create IPUIPlugin
2024-08-27 11:24:47,612 [INFO] PluginManager:220 - loadIPPluginJar : add freertos
2024-08-27 11:24:47,635 [INFO] IPUIPlugin:80 - create IPUIPlugin
2024-08-27 11:24:47,635 [INFO] PluginManager:220 - loadIPPluginJar : add genericplugin
2024-08-27 11:24:47,729 [INFO] IPUIPlugin:80 - create IPUIPlugin
2024-08-27 11:24:47,729 [INFO] PluginManager:220 - loadIPPluginJar : add gfxmmu
2024-08-27 11:24:47,923 [INFO] IPUIPlugin:80 - create IPUIPlugin
2024-08-27 11:24:47,923 [INFO] PluginManager:220 - loadIPPluginJar : add gic
2024-08-27 11:24:47,934 [INFO] IPUIPlugin:80 - create IPUIPlugin
2024-08-27 11:24:47,934 [INFO] PluginManager:220 - loadIPPluginJar : add gpio
2024-08-27 11:24:48,025 [INFO] IPUIPlugin:80 - create IPUIPlugin
2024-08-27 11:24:48,025 [INFO] PluginManager:220 - loadIPPluginJar : add gtzc
2024-08-27 11:24:48,072 [INFO] IPUIPlugin:80 - create IPUIPlugin
2024-08-27 11:24:48,072 [INFO] PluginManager:220 - loadIPPluginJar : add hash
2024-08-27 11:24:48,120 [INFO] IPUIPlugin:80 - create IPUIPlugin
2024-08-27 11:24:48,120 [INFO] PluginManager:220 - loadIPPluginJar : add i2c
2024-08-27 11:24:48,167 [INFO] IPUIPlugin:80 - create IPUIPlugin
2024-08-27 11:24:48,167 [INFO] PluginManager:220 - loadIPPluginJar : add i2s
2024-08-27 11:24:48,215 [INFO] IPUIPlugin:80 - create IPUIPlugin
2024-08-27 11:24:48,215 [INFO] PluginManager:220 - loadIPPluginJar : add i3c
2024-08-27 11:24:48,325 [INFO] IPUIPlugin:80 - create IPUIPlugin
2024-08-27 11:24:48,325 [INFO] PluginManager:220 - loadIPPluginJar : add ipddr
2024-08-27 11:24:48,435 [INFO] IPUIPlugin:80 - create IPUIPlugin
2024-08-27 11:24:48,435 [INFO] PluginManager:220 - loadIPPluginJar : add linkedlist
2024-08-27 11:24:48,467 [INFO] IPUIPlugin:80 - create IPUIPlugin
2024-08-27 11:24:48,467 [INFO] PluginManager:220 - loadIPPluginJar : add lorawan
2024-08-27 11:24:48,519 [INFO] IPUIPlugin:80 - create IPUIPlugin
2024-08-27 11:24:48,519 [INFO] PluginManager:220 - loadIPPluginJar : add ltdc
2024-08-27 11:24:48,537 [INFO] IPUIPlugin:80 - create IPUIPlugin
2024-08-27 11:24:48,538 [INFO] PluginManager:220 - loadIPPluginJar : add mdma
2024-08-27 11:24:48,542 [INFO] IPUIPlugin:80 - create IPUIPlugin
2024-08-27 11:24:48,542 [INFO] PluginManager:220 - loadIPPluginJar : add nvic
2024-08-27 11:24:48,589 [INFO] IPUIPlugin:80 - create IPUIPlugin
2024-08-27 11:24:48,589 [INFO] PluginManager:220 - loadIPPluginJar : add opamp
2024-08-27 11:24:48,651 [INFO] IPUIPlugin:80 - create IPUIPlugin
2024-08-27 11:24:48,651 [INFO] PluginManager:220 - loadIPPluginJar : add openamp
2024-08-27 11:24:48,698 [INFO] IPUIPlugin:80 - create IPUIPlugin
2024-08-27 11:24:48,698 [INFO] PluginManager:220 - loadIPPluginJar : add pdm2pcm
2024-08-27 11:24:48,713 [INFO] IPUIPlugin:80 - create IPUIPlugin
2024-08-27 11:24:48,714 [INFO] PluginManager:220 - loadIPPluginJar : add plateformsettings
2024-08-27 11:24:48,731 [INFO] IPUIPlugin:80 - create IPUIPlugin
2024-08-27 11:24:48,731 [INFO] PluginManager:220 - loadIPPluginJar : add quadspi
2024-08-27 11:24:48,762 [INFO] IPUIPlugin:80 - create IPUIPlugin
2024-08-27 11:24:48,762 [INFO] PluginManager:220 - loadIPPluginJar : add radio
2024-08-27 11:24:48,778 [INFO] IPUIPlugin:80 - create IPUIPlugin
2024-08-27 11:24:48,778 [INFO] PluginManager:220 - loadIPPluginJar : add resmgrutility
2024-08-27 11:24:48,826 [INFO] IPUIPlugin:80 - create IPUIPlugin
2024-08-27 11:24:48,826 [INFO] PluginManager:220 - loadIPPluginJar : add sai
2024-08-27 11:24:48,873 [INFO] IPUIPlugin:80 - create IPUIPlugin
2024-08-27 11:24:48,873 [INFO] PluginManager:220 - loadIPPluginJar : add spi
2024-08-27 11:24:48,952 [INFO] IPUIPlugin:80 - create IPUIPlugin
2024-08-27 11:24:48,952 [INFO] PluginManager:220 - loadIPPluginJar : add stm32_wpan
2024-08-27 11:24:48,968 [INFO] IPUIPlugin:80 - create IPUIPlugin
2024-08-27 11:24:48,968 [INFO] PluginManager:220 - loadIPPluginJar : add tim
2024-08-27 11:24:49,039 [INFO] IPUIPlugin:80 - create IPUIPlugin
2024-08-27 11:24:49,040 [INFO] PluginManager:220 - loadIPPluginJar : add touchsensing
2024-08-27 11:24:49,059 [INFO] IPUIPlugin:80 - create IPUIPlugin
2024-08-27 11:24:49,059 [INFO] PluginManager:220 - loadIPPluginJar : add tracer_emb
2024-08-27 11:24:49,075 [INFO] IPUIPlugin:80 - create IPUIPlugin
2024-08-27 11:24:49,075 [INFO] PluginManager:220 - loadIPPluginJar : add ts
2024-08-27 11:24:49,105 [INFO] IPUIPlugin:80 - create IPUIPlugin
2024-08-27 11:24:49,105 [INFO] PluginManager:220 - loadIPPluginJar : add tsc
2024-08-27 11:24:49,121 [INFO] IPUIPlugin:80 - create IPUIPlugin
2024-08-27 11:24:49,121 [INFO] PluginManager:220 - loadIPPluginJar : add ucpd
2024-08-27 11:24:49,168 [INFO] IPUIPlugin:80 - create IPUIPlugin
2024-08-27 11:24:49,168 [INFO] PluginManager:220 - loadIPPluginJar : add usart
2024-08-27 11:24:49,219 [INFO] IPUIPlugin:80 - create IPUIPlugin
2024-08-27 11:24:49,219 [INFO] PluginManager:220 - loadIPPluginJar : add usbx
2024-08-27 11:24:49,358 [INFO] CADModel:165 - CPN selected for project level
2024-08-27 11:24:49,358 [INFO] CADModel:114 - Register for checkConnection events
2024-08-27 11:24:49,358 [FATAL] Updater:334 - Updater called before beeing initialized
2024-08-27 11:24:49,358 [ERROR] CADModel:125 - Updater not yet initialized, retry later 
2024-08-27 11:24:49,453 [INFO] ThirdPartyUpdaterWithRetryManager:70 - Updater plugin not ready yet. [2/15]
2024-08-27 11:24:49,534 [INFO] CADModel:165 - CPN selected for project level
2024-08-27 11:24:49,534 [INFO] CADModel:114 - Register for checkConnection events
2024-08-27 11:24:49,534 [FATAL] Updater:334 - Updater called before beeing initialized
2024-08-27 11:24:49,534 [ERROR] CADModel:125 - Updater not yet initialized, retry later 
2024-08-27 11:24:49,537 [FATAL] Updater:334 - Updater called before beeing initialized
2024-08-27 11:24:49,701 [FATAL] Updater:334 - Updater called before beeing initialized
2024-08-27 11:24:49,717 [INFO] DbMcusAds:53 - JSON generation date=Thu May 16 06:22:00 ART 2024 (1715851320667)
2024-08-27 11:24:49,717 [FATAL] Updater:334 - Updater called before beeing initialized
2024-08-27 11:24:49,766 [WARN] DetailPanel:346 - Failed to get advertising image, set to default
2024-08-27 11:24:49,844 [FATAL] Updater:334 - Updater called before beeing initialized
2024-08-27 11:24:49,844 [FATAL] Updater:334 - Updater called before beeing initialized
2024-08-27 11:24:49,844 [FATAL] Updater:334 - Updater called before beeing initialized
2024-08-27 11:24:49,844 [WARN] DetailPanel:346 - Failed to get advertising image, set to default
2024-08-27 11:24:49,844 [FATAL] Updater:334 - Updater called before beeing initialized
2024-08-27 11:24:49,939 [ERROR] Updater:1164 - MainUpdater not yet initialized. External WinMGr cannot be set.
2024-08-27 11:24:49,963 [INFO] Updater:1100 - Updater Version found : 6.12.0
2024-08-27 11:24:49,988 [INFO] ApplicationProperties:184 - Using Application install path: C:\Users\agust\Desktop\STM32CubeIDE_1.16.0\STM32CubeIDE\plugins\com.st.stm32cube.common.mx_6.12.0.202406281431
2024-08-27 11:24:51,622 [ERROR] LogOutputStream:75 - [STDERR_REDIRECT] Aug 27, 2024 11:24:51 AM java.util.prefs.WindowsPreferences <init>
2024-08-27 11:24:51,622 [ERROR] LogOutputStream:75 - [STDERR_REDIRECT] WARNING: Could not open/create prefs root node Software\JavaSoft\Prefs at root 0xffffffff80000002. Windows RegCreateKeyEx(...) returned error code 5.
2024-08-27 11:24:51,622 [ERROR] LogOutputStream:75 - [STDERR_REDIRECT] 
2024-08-27 11:24:52,397 [INFO] MainUpdater:2873 - connection check result : 10
2024-08-27 11:24:52,397 [INFO] MainUpdater:3567 - Updater definition file requires update
2024-08-27 11:24:52,400 [INFO] MainUpdater:290 - Updater Check For Update Now.
2024-08-27 11:24:52,400 [INFO] MicroXplorer:498 - Change Database Version : DB.6.0.120
2024-08-27 11:24:52,413 [INFO] McuFinderGlobals:63 - Set McuFinder mode to 2 (CubeIDE integrated)
2024-08-27 11:24:52,413 [INFO] UserAuth:179 - activating auth plugin
2024-08-27 11:24:52,420 [INFO] UserAuth:417 - Internet connection configuration mode: 1
2024-08-27 11:24:52,428 [INFO] ServerAccessManage:473 - Download File updaters.zip
2024-08-27 11:24:52,460 [WARN] MainUpdater:1194 - Updater busy. Cannot search thirdparties
2024-08-27 11:24:52,460 [INFO] ThirdPartyUpdaterWithRetryManager:96 - Updater plugin is busy. [1/15]
2024-08-27 11:24:52,464 [INFO] JxBrowserEngine:152 - Initiate JxBrowser Engine with user profile folder
2024-08-27 11:24:52,534 [INFO] FileExtend:240 - Unzip File : updaters.zip
2024-08-27 11:24:52,534 [INFO] FileExtend:255 - Standard Zip Deflate
2024-08-27 11:24:53,446 [INFO] ServerAccessManage:473 - Download File PacksControlFlags.xml
2024-08-27 11:24:53,541 [INFO] ServerAccessManage:473 - Download File cubemx.pidx
2024-08-27 11:24:53,710 [INFO] LoadServerUpdatesThread:375 - End of LoadServerUpdate Thread
2024-08-27 11:24:53,966 [INFO] CheckServerUpdateThread:120 - End of CheckServer Thread
2024-08-27 11:24:55,785 [WARN] PackLoader:240 - Cannot read IP mode file for STMicroelectronics.FP-SNS-MOTENVWB1.1.4.0
2024-08-27 11:24:55,827 [WARN] PackLoader:240 - Cannot read IP mode file for STMicroelectronics.X-CUBE-SMBUS.2.1.0
2024-08-27 11:24:55,893 [WARN] PackLoader:240 - Cannot read IP mode file for STMicroelectronics.X-CUBE-AZRTOS-F7.1.1.0
2024-08-27 11:24:56,032 [WARN] PackLoader:240 - Cannot read IP mode file for STMicroelectronics.X-CUBE-MEMS1.11.0.0
2024-08-27 11:24:56,337 [WARN] PackLoader:240 - Cannot read IP mode file for STMicroelectronics.FP-SNS-FLIGHT1.5.0.2
2024-08-27 11:24:56,367 [WARN] PackLoader:240 - Cannot read IP mode file for STMicroelectronics.X-CUBE-DISPLAY.3.0.0
2024-08-27 11:24:56,397 [WARN] PackLoader:240 - Cannot read IP mode file for STMicroelectronics.X-CUBE-BLE1.7.0.0
2024-08-27 11:24:56,414 [WARN] PackLoader:240 - Cannot read IP mode file for emotas.I-CUBE-CANOPEN.1.3.0
2024-08-27 11:24:56,457 [WARN] PackLoader:240 - Cannot read IP mode file for STMicroelectronics.X-CUBE-BLEMGR.3.1.0
2024-08-27 11:24:56,485 [WARN] PackLoader:240 - Cannot read IP mode file for STMicroelectronics.FP-SNS-SMARTAG2.1.2.0
2024-08-27 11:24:56,527 [INFO] LogOutputStream:77 - [STDOUT_REDIRECT] 1 : Invalid condition id : UX_CORESTACK_Condition cause : null
2024-08-27 11:24:56,529 [INFO] LogOutputStream:77 - [STDOUT_REDIRECT] 1 : Invalid condition id : UX_CORESTACK_Condition cause : null
2024-08-27 11:24:56,532 [INFO] LogOutputStream:77 - [STDOUT_REDIRECT] 1 : Invalid condition id : UX_CORESTACK_Condition cause : null
2024-08-27 11:24:56,532 [INFO] LogOutputStream:77 - [STDOUT_REDIRECT] 1 : Invalid condition id : UX_CORESTACK_Condition cause : null
2024-08-27 11:24:56,532 [INFO] LogOutputStream:77 - [STDOUT_REDIRECT] 1 : Invalid condition id : UX_CORESTACK_Condition cause : null
2024-08-27 11:24:56,532 [WARN] PackLoader:240 - Cannot read IP mode file for STMicroelectronics.X-CUBE-AZRTOS-WL.2.0.0
2024-08-27 11:24:56,564 [WARN] PackLoader:240 - Cannot read IP mode file for STMicroelectronics.FP-SNS-MOTENV1.5.0.0
2024-08-27 11:24:56,579 [WARN] PackLoader:240 - Cannot read IP mode file for wolfSSL.I-CUBE-wolfMQTT.1.19.0
2024-08-27 11:24:56,611 [WARN] PackLoader:240 - Cannot read IP mode file for WES.I-CUBE-Cesium.1.3.0
2024-08-27 11:24:56,658 [WARN] PackLoader:240 - Cannot read IP mode file for STMicroelectronics.X-CUBE-BLE2.3.3.0
2024-08-27 11:24:56,706 [WARN] PackLoader:240 - Cannot read IP mode file for STMicroelectronics.X-CUBE-TCPP.4.1.0
2024-08-27 11:24:56,760 [WARN] PackLoader:240 - Cannot read IP mode file for STMicroelectronics.X-CUBE-AZRTOS-G0.1.1.0
2024-08-27 11:24:56,788 [WARN] PackLoader:240 - Cannot read IP mode file for STMicroelectronics.X-CUBE-SAFEA1.1.2.2
2024-08-27 11:24:56,807 [WARN] PackLoader:240 - Cannot read IP mode file for STMicroelectronics.X-CUBE-NFC4.3.0.0
2024-08-27 11:24:56,849 [WARN] PackLoader:240 - Cannot read IP mode file for EmbeddedOffice.I-CUBE-FS-RTOS.1.0.1
2024-08-27 11:24:56,849 [ERROR] ConditionMgr:805 - Attr not supported : Dmpu
2024-08-27 11:24:56,849 [ERROR] ConditionMgr:805 - Attr not supported : Dmpu
2024-08-27 11:24:56,849 [ERROR] ConditionMgr:805 - Attr not supported : Dmpu
2024-08-27 11:24:56,849 [ERROR] ConditionMgr:805 - Attr not supported : Dmpu
2024-08-27 11:24:56,849 [ERROR] ConditionMgr:805 - Attr not supported : Dmpu
2024-08-27 11:24:56,849 [ERROR] ConditionMgr:805 - Attr not supported : Dmpu
2024-08-27 11:24:56,849 [ERROR] ConditionMgr:805 - Attr not supported : Dmpu
2024-08-27 11:24:56,849 [ERROR] ConditionMgr:805 - Attr not supported : Dmpu
2024-08-27 11:24:56,849 [ERROR] ConditionMgr:805 - Attr not supported : Dmpu
2024-08-27 11:24:56,849 [ERROR] ConditionMgr:805 - Attr not supported : Dmpu
2024-08-27 11:24:56,849 [ERROR] ConditionMgr:805 - Attr not supported : Dmpu
2024-08-27 11:24:56,849 [ERROR] ConditionMgr:805 - Attr not supported : Dmpu
2024-08-27 11:24:56,849 [ERROR] ConditionMgr:805 - Attr not supported : Dmpu
2024-08-27 11:24:56,849 [ERROR] ConditionMgr:805 - Attr not supported : Dmpu
2024-08-27 11:24:56,849 [ERROR] ConditionMgr:805 - Attr not supported : Dmpu
2024-08-27 11:24:56,849 [ERROR] ConditionMgr:805 - Attr not supported : Dmpu
2024-08-27 11:24:56,849 [ERROR] ConditionMgr:805 - Attr not supported : Dmpu
2024-08-27 11:24:56,849 [ERROR] ConditionMgr:805 - Attr not supported : Dmpu
2024-08-27 11:24:56,849 [ERROR] ConditionMgr:805 - Attr not supported : Dmpu
2024-08-27 11:24:56,849 [ERROR] ConditionMgr:805 - Attr not supported : Dmpu
2024-08-27 11:24:56,849 [ERROR] ConditionMgr:805 - Attr not supported : Dmpu
2024-08-27 11:24:56,849 [ERROR] ConditionMgr:805 - Attr not supported : Dmpu
2024-08-27 11:24:56,849 [ERROR] ConditionMgr:805 - Attr not supported : Dmpu
2024-08-27 11:24:56,849 [ERROR] ConditionMgr:805 - Attr not supported : Dmpu
2024-08-27 11:24:56,849 [ERROR] ConditionMgr:805 - Attr not supported : Dmpu
2024-08-27 11:24:56,849 [ERROR] ConditionMgr:805 - Attr not supported : Dmpu
2024-08-27 11:24:56,849 [ERROR] ConditionMgr:805 - Attr not supported : Dmpu
2024-08-27 11:24:56,849 [ERROR] ConditionMgr:805 - Attr not supported : Dmpu
2024-08-27 11:24:56,849 [ERROR] ConditionMgr:805 - Attr not supported : Dmpu
2024-08-27 11:24:56,849 [ERROR] ConditionMgr:805 - Attr not supported : Dmpu
2024-08-27 11:24:56,849 [ERROR] ConditionMgr:805 - Attr not supported : Dmpu
2024-08-27 11:24:56,849 [ERROR] ConditionMgr:805 - Attr not supported : Dmpu
2024-08-27 11:24:56,849 [ERROR] ConditionMgr:805 - Attr not supported : Dmpu
2024-08-27 11:24:56,849 [ERROR] ConditionMgr:805 - Attr not supported : Dmpu
2024-08-27 11:24:56,849 [ERROR] ConditionMgr:805 - Attr not supported : Dmpu
2024-08-27 11:24:56,849 [ERROR] ConditionMgr:805 - Attr not supported : Dmpu
2024-08-27 11:24:56,849 [ERROR] ConditionMgr:805 - Attr not supported : Dmpu
2024-08-27 11:24:56,849 [ERROR] ConditionMgr:805 - Attr not supported : Dmpu
2024-08-27 11:24:56,849 [ERROR] ConditionMgr:805 - Attr not supported : Dmpu
2024-08-27 11:24:56,849 [ERROR] ConditionMgr:805 - Attr not supported : Dmpu
2024-08-27 11:24:56,849 [ERROR] ConditionMgr:805 - Attr not supported : Dmpu
2024-08-27 11:24:56,849 [ERROR] ConditionMgr:805 - Attr not supported : Dmpu
2024-08-27 11:24:56,849 [ERROR] ConditionMgr:805 - Attr not supported : Dmpu
2024-08-27 11:24:56,849 [ERROR] ConditionMgr:805 - Attr not supported : Dmpu
2024-08-27 11:24:56,849 [ERROR] ConditionMgr:805 - Attr not supported : Dmpu
2024-08-27 11:24:56,849 [ERROR] ConditionMgr:805 - Attr not supported : Dmpu
2024-08-27 11:24:56,849 [ERROR] ConditionMgr:805 - Attr not supported : Dmpu
2024-08-27 11:24:56,849 [ERROR] ConditionMgr:805 - Attr not supported : Dmpu
2024-08-27 11:24:56,849 [ERROR] ConditionMgr:805 - Attr not supported : Dmpu
2024-08-27 11:24:56,849 [ERROR] ConditionMgr:805 - Attr not supported : Dmpu
2024-08-27 11:24:56,849 [ERROR] ConditionMgr:805 - Attr not supported : Dmpu
2024-08-27 11:24:56,849 [ERROR] ConditionMgr:805 - Attr not supported : Dmpu
2024-08-27 11:24:56,849 [ERROR] ConditionMgr:805 - Attr not supported : Dmpu
2024-08-27 11:24:56,849 [ERROR] ConditionMgr:805 - Attr not supported : Dmpu
2024-08-27 11:24:56,849 [ERROR] ConditionMgr:805 - Attr not supported : Dmpu
2024-08-27 11:24:56,849 [ERROR] ConditionMgr:805 - Attr not supported : Dmpu
2024-08-27 11:24:56,849 [ERROR] ConditionMgr:805 - Attr not supported : Dmpu
2024-08-27 11:24:56,849 [ERROR] ConditionMgr:805 - Attr not supported : Dmpu
2024-08-27 11:24:56,849 [ERROR] ConditionMgr:805 - Attr not supported : Dmpu
2024-08-27 11:24:56,849 [ERROR] ConditionMgr:805 - Attr not supported : Dmpu
2024-08-27 11:24:56,849 [ERROR] ConditionMgr:805 - Attr not supported : Dmpu
2024-08-27 11:24:56,849 [ERROR] ConditionMgr:805 - Attr not supported : Dmpu
2024-08-27 11:24:56,849 [ERROR] ConditionMgr:805 - Attr not supported : Dmpu
2024-08-27 11:24:56,849 [ERROR] ConditionMgr:805 - Attr not supported : Dmpu
2024-08-27 11:24:56,881 [WARN] PackLoader:240 - Cannot read IP mode file for RealThread.X-CUBE-RT-Thread_Nano.4.1.1
2024-08-27 11:24:56,913 [WARN] PackLoader:240 - Cannot read IP mode file for STMicroelectronics.FP-ATR-SIGFOX1.3.2.0
2024-08-27 11:24:56,985 [WARN] PackLoader:240 - Cannot read IP mode file for wolfSSL.I-CUBE-wolfSSL.5.7.2
2024-08-27 11:24:57,027 [WARN] PackLoader:240 - Cannot read IP mode file for STMicroelectronics.X-CUBE-EEPRMA1.5.1.0
2024-08-27 11:24:57,081 [WARN] PackLoader:240 - Cannot read IP mode file for ITTIA_DB.I-CUBE-ITTIADB.8.9.0
2024-08-27 11:24:57,201 [WARN] PackLoader:240 - Cannot read IP mode file for SEGGER.I-CUBE-embOS.1.3.1
2024-08-27 11:24:57,322 [WARN] PackLoader:240 - Cannot read IP mode file for STMicroelectronics.X-CUBE-ALGOBUILD.1.4.0
2024-08-27 11:24:57,352 [WARN] PackLoader:240 - Cannot read IP mode file for STMicroelectronics.X-CUBE-GNSS1.6.0.0
2024-08-27 11:24:57,398 [WARN] PackLoader:240 - Cannot read IP mode file for STMicroelectronics.X-CUBE-AZRTOS-F4.1.1.0
2024-08-27 11:24:57,436 [WARN] PackLoader:240 - Cannot read IP mode file for STMicroelectronics.X-CUBE-FREERTOS.1.2.0
2024-08-27 11:24:57,486 [WARN] PackLoader:240 - Cannot read IP mode file for STMicroelectronics.X-CUBE-AZRTOS-L5.2.0.0
2024-08-27 11:24:57,522 [WARN] PackLoader:240 - Cannot read IP mode file for STMicroelectronics.X-CUBE-NFC6.3.1.0
2024-08-27 11:24:57,550 [WARN] PackLoader:240 - Cannot read IP mode file for STMicroelectronics.X-CUBE-DPower.1.2.0
2024-08-27 11:24:57,571 [WARN] PackLoader:240 - Cannot read IP mode file for STMicroelectronics.X-CUBE-AI.9.0.0
2024-08-27 11:24:57,593 [WARN] PackLoader:240 - Cannot read IP mode file for STMicroelectronics.X-CUBE-NFC7.1.0.1
2024-08-27 11:24:57,657 [WARN] ConditionMgr:438 - getConditionDescription Invalid condition id : LAN8742 Phy interface Condition cause : null
2024-08-27 11:24:57,657 [WARN] PackLoader:240 - Cannot read IP mode file for STMicroelectronics.X-CUBE-AZRTOS-L4.2.0.0
2024-08-27 11:24:57,663 [WARN] ConditionMgr:1039 - genDependencies : Invalid condition id : LAN8742 Phy interface Condition cause : null
2024-08-27 11:24:57,663 [WARN] ConditionMgr:1039 - genDependencies : Invalid condition id : LAN8742 Phy interface Condition cause : null
2024-08-27 11:24:57,663 [WARN] ConditionMgr:1039 - genDependencies : Invalid condition id : LAN8742 Phy interface Condition cause : null
2024-08-27 11:24:57,699 [WARN] PackLoader:240 - Cannot read IP mode file for STMicroelectronics.X-CUBE-SFXS2LP1.4.0.0
2024-08-27 11:24:57,726 [INFO] WebApp:167 - Instantiating new browser for Auth
2024-08-27 11:24:57,789 [WARN] PackLoader:240 - Cannot read IP mode file for STMicroelectronics.X-CUBE-AZRTOS-H7.3.3.0
2024-08-27 11:24:57,866 [WARN] ConditionMgr:438 - getConditionDescription Invalid condition id : UX DEVICE CLASS RTOS Condition cause : null
2024-08-27 11:24:57,869 [WARN] ConditionMgr:438 - getConditionDescription Invalid condition id : UX DEVICE CLASS RTOS Condition cause : null
2024-08-27 11:24:57,872 [WARN] PackLoader:240 - Cannot read IP mode file for STMicroelectronics.X-CUBE-AZRTOS-WB.2.0.0
2024-08-27 11:24:57,872 [WARN] ConditionMgr:1039 - genDependencies : Invalid condition id : UX DEVICE CLASS RTOS Condition cause : null
2024-08-27 11:24:57,872 [WARN] ConditionMgr:1039 - genDependencies : Invalid condition id : UX DEVICE CLASS RTOS Condition cause : null
2024-08-27 11:24:57,872 [WARN] ConditionMgr:1039 - genDependencies : Invalid condition id : UX DEVICE CLASS RTOS Condition cause : null
2024-08-27 11:24:57,872 [WARN] ConditionMgr:1039 - genDependencies : Invalid condition id : UX DEVICE CLASS RTOS Condition cause : null
2024-08-27 11:24:57,872 [WARN] ConditionMgr:1039 - genDependencies : Invalid condition id : UX DEVICE CLASS RTOS Condition cause : null
2024-08-27 11:24:57,913 [WARN] PackLoader:240 - Cannot read IP mode file for STMicroelectronics.FP-SNS-STBOX1.2.0.0
2024-08-27 11:24:57,945 [WARN] PackLoader:240 - Cannot read IP mode file for STMicroelectronics.X-CUBE-SUBG2.5.0.0
2024-08-27 11:24:57,977 [WARN] PackLoader:240 - Cannot read IP mode file for Cesanta.I-CUBE-Mongoose.7.13.0
2024-08-27 11:24:58,033 [WARN] PackLoader:240 - Cannot read IP mode file for STMicroelectronics.X-CUBE-AZRTOS-G4.2.0.0
2024-08-27 11:24:58,066 [WARN] PackLoader:240 - Cannot read IP mode file for STMicroelectronics.X-CUBE-ISPU.2.0.0
2024-08-27 11:24:58,085 [WARN] PackLoader:240 - Cannot read IP mode file for STMicroelectronics.X-CUBE-ALS.1.0.2
2024-08-27 11:24:58,116 [WARN] PackLoader:240 - Cannot read IP mode file for STMicroelectronics.X-CUBE-TOUCHGFX.4.24.0
2024-08-27 11:24:58,137 [WARN] PackLoader:240 - Cannot read IP mode file for wolfSSL.I-CUBE-wolfTPM.3.4.0
2024-08-27 11:24:58,166 [WARN] PackLoader:240 - Cannot read IP mode file for portGmbH.I-Cube-SoM-uGOAL.1.1.0
2024-08-27 11:24:58,219 [WARN] PackLoader:240 - Cannot read IP mode file for STMicroelectronics.X-CUBE-AZRTOS-H7RS.1.0.0
2024-08-27 11:24:58,249 [WARN] PackLoader:240 - Cannot read IP mode file for STMicroelectronics.FP-ATR-ASTRA1.2.0.0
2024-08-27 11:24:58,291 [WARN] PackLoader:240 - Cannot read IP mode file for STMicroelectronics.X-CUBE-TOF1.3.4.2
2024-08-27 11:24:58,347 [WARN] PackLoader:240 - Cannot read IP mode file for Infineon.AIROC-Wi-Fi-Bluetooth-STM32.1.6.1
2024-08-27 11:24:58,382 [WARN] PackLoader:240 - Cannot read IP mode file for wolfSSL.I-CUBE-wolfSSH.1.4.17
2024-08-27 11:24:58,382 [INFO] ThirdParty:978 - Integrity check success = true
2024-08-27 11:24:58,382 [INFO] IntegrityCheckThread:100 - exiting critical section [integrity check]
2024-08-27 11:24:58,382 [INFO] IntegrityCheckThread:103 - End integrity checks thread
2024-08-27 11:24:59,295 [INFO] WebApp:448 - Apply proxy settings
2024-08-27 11:24:59,298 [INFO] WebApp:533 - Chromium requires no authentication
2024-08-27 11:24:59,316 [INFO] WebApp:476 - Direct internet connection detected
2024-08-27 11:24:59,370 [INFO] WebApp:869 - Register for checkConnection events
2024-08-27 11:24:59,371 [INFO] WebApp:448 - Apply proxy settings
2024-08-27 11:24:59,371 [INFO] WebApp:533 - Chromium requires no authentication
2024-08-27 11:24:59,372 [INFO] WebApp:476 - Direct internet connection detected
2024-08-27 11:24:59,566 [INFO] WebApp:186 - Connection restablished
2024-08-27 11:24:59,795 [INFO] WebApp:220 - Starting web application
2024-08-27 11:24:59,795 [INFO] WebApp:578 - Web application path used C:\Users\agust\Desktop\STM32CubeIDE_1.16.0\STM32CubeIDE\plugins\com.st.stm32cube.common.mx_6.12.0.202406281431\db\plugins\mcufinder\reactClient1\index.html
2024-08-27 14:59:33,913 [INFO] WebApp:189 - Connection lost
2024-08-27 14:59:34,223 [INFO] WebApp:186 - Connection restablished
2024-08-27 16:32:56,150 [INFO] WebApp:189 - Connection lost
2024-08-27 16:33:27,100 [INFO] WebApp:186 - Connection restablished
2024-08-27 18:31:37,291 [ERROR] LogOutputStream:75 - [STDERR_REDIRECT] 
